{"/home/travis/build/npmtest/node-npmtest-openid/test.js":{"path":"/home/travis/build/npmtest/node-npmtest-openid/test.js","s":{"1":2,"2":2,"3":2,"4":2,"5":2,"6":2,"7":2,"8":1,"9":2,"10":2,"11":1,"12":1,"13":1,"14":1,"15":2,"16":2,"17":2,"18":2,"19":1,"20":1,"21":2,"22":2,"23":2,"24":1,"25":1,"26":1,"27":1,"28":1,"29":1,"30":1,"31":1,"32":1,"33":1,"34":1,"35":1,"36":1,"37":1,"38":1,"39":2,"40":2,"41":1,"42":2,"43":2,"44":1,"45":2,"46":2,"47":1,"48":2,"49":2,"50":1,"51":1,"52":1,"53":1,"54":1},"b":{"1":[2,1,1,1],"2":[1,1,1,1],"3":[1,1],"4":[1,1],"5":[1,1],"6":[1,1],"7":[1,1],"8":[1,1],"9":[1,1],"10":[1,1,1],"11":[1,1],"12":[1,1],"13":[1,1],"14":[1,1],"15":[1,1],"16":[1,1],"17":[1,1]},"f":{"1":2,"2":2,"3":2,"4":2,"5":2,"6":1,"7":1,"8":1,"9":2,"10":2,"11":2,"12":2,"13":1},"fnMap":{"1":{"name":"(anonymous_1)","line":12,"loc":{"start":{"line":12,"column":1},"end":{"line":12,"column":13}}},"2":{"name":"(anonymous_2)","line":19,"loc":{"start":{"line":19,"column":5},"end":{"line":19,"column":17}}},"3":{"name":"(anonymous_3)","line":23,"loc":{"start":{"line":23,"column":24},"end":{"line":23,"column":36}}},"4":{"name":"(anonymous_4)","line":61,"loc":{"start":{"line":61,"column":5},"end":{"line":61,"column":17}}},"5":{"name":"(anonymous_5)","line":82,"loc":{"start":{"line":82,"column":5},"end":{"line":82,"column":17}}},"6":{"name":"(anonymous_6)","line":91,"loc":{"start":{"line":91,"column":77},"end":{"line":94,"column":10}}},"7":{"name":"(anonymous_7)","line":112,"loc":{"start":{"line":112,"column":83},"end":{"line":115,"column":10}},"skip":true},"8":{"name":"(anonymous_8)","line":123,"loc":{"start":{"line":123,"column":77},"end":{"line":126,"column":10}},"skip":true},"9":{"name":"(anonymous_9)","line":139,"loc":{"start":{"line":139,"column":12},"end":{"line":139,"column":40}},"skip":true},"10":{"name":"(anonymous_10)","line":147,"loc":{"start":{"line":147,"column":77},"end":{"line":150,"column":10}},"skip":true},"11":{"name":"(anonymous_11)","line":158,"loc":{"start":{"line":158,"column":83},"end":{"line":161,"column":10}},"skip":true},"12":{"name":"(anonymous_12)","line":169,"loc":{"start":{"line":169,"column":79},"end":{"line":172,"column":10}},"skip":true},"13":{"name":"(anonymous_13)","line":180,"loc":{"start":{"line":180,"column":75},"end":{"line":183,"column":10}},"skip":true}},"statementMap":{"1":{"start":{"line":12,"column":0},"end":{"line":195,"column":5}},"2":{"start":{"line":14,"column":4},"end":{"line":14,"column":14}},"3":{"start":{"line":19,"column":4},"end":{"line":56,"column":9}},"4":{"start":{"line":21,"column":8},"end":{"line":21,"column":19}},"5":{"start":{"line":23,"column":8},"end":{"line":35,"column":13}},"6":{"start":{"line":24,"column":12},"end":{"line":34,"column":13}},"7":{"start":{"line":25,"column":16},"end":{"line":28,"column":30}},"8":{"start":{"line":30,"column":16},"end":{"line":33,"column":27}},"9":{"start":{"line":37,"column":8},"end":{"line":39,"column":21}},"10":{"start":{"line":40,"column":8},"end":{"line":53,"column":9}},"11":{"start":{"line":43,"column":12},"end":{"line":46,"column":14}},"12":{"start":{"line":47,"column":12},"end":{"line":47,"column":18}},"13":{"start":{"line":50,"column":12},"end":{"line":51,"column":33}},"14":{"start":{"line":52,"column":12},"end":{"line":52,"column":18}},"15":{"start":{"line":55,"column":8},"end":{"line":55,"column":35}},"16":{"start":{"line":61,"column":4},"end":{"line":63,"column":9}},"17":{"start":{"line":62,"column":8},"end":{"line":62,"column":15}},"18":{"start":{"line":64,"column":4},"end":{"line":77,"column":5}},"19":{"start":{"line":70,"column":8},"end":{"line":70,"column":14}},"20":{"start":{"line":76,"column":8},"end":{"line":76,"column":14}},"21":{"start":{"line":82,"column":4},"end":{"line":84,"column":9}},"22":{"start":{"line":83,"column":8},"end":{"line":83,"column":15}},"23":{"start":{"line":85,"column":4},"end":{"line":194,"column":5}},"24":{"start":{"line":91,"column":8},"end":{"line":99,"column":10}},"25":{"start":{"line":98,"column":12},"end":{"line":98,"column":35}},"26":{"start":{"line":102,"column":8},"end":{"line":104,"column":63}},"27":{"start":{"line":105,"column":8},"end":{"line":105,"column":14}},"28":{"start":{"line":112,"column":8},"end":{"line":121,"column":10},"skip":true},"29":{"start":{"line":119,"column":12},"end":{"line":119,"column":55},"skip":true},"30":{"start":{"line":120,"column":12},"end":{"line":120,"column":48},"skip":true},"31":{"start":{"line":123,"column":8},"end":{"line":136,"column":10},"skip":true},"32":{"start":{"line":130,"column":12},"end":{"line":130,"column":76},"skip":true},"33":{"start":{"line":131,"column":12},"end":{"line":131,"column":73},"skip":true},"34":{"start":{"line":132,"column":12},"end":{"line":132,"column":74},"skip":true},"35":{"start":{"line":133,"column":12},"end":{"line":133,"column":79},"skip":true},"36":{"start":{"line":134,"column":12},"end":{"line":134,"column":25},"skip":true},"37":{"start":{"line":135,"column":12},"end":{"line":135,"column":45},"skip":true},"38":{"start":{"line":138,"column":8},"end":{"line":145,"column":14},"skip":true},"39":{"start":{"line":143,"column":16},"end":{"line":143,"column":29},"skip":true},"40":{"start":{"line":144,"column":16},"end":{"line":144,"column":55},"skip":true},"41":{"start":{"line":147,"column":8},"end":{"line":156,"column":10},"skip":true},"42":{"start":{"line":154,"column":12},"end":{"line":154,"column":25},"skip":true},"43":{"start":{"line":155,"column":12},"end":{"line":155,"column":45},"skip":true},"44":{"start":{"line":158,"column":8},"end":{"line":167,"column":10},"skip":true},"45":{"start":{"line":165,"column":12},"end":{"line":165,"column":25},"skip":true},"46":{"start":{"line":166,"column":12},"end":{"line":166,"column":48},"skip":true},"47":{"start":{"line":169,"column":8},"end":{"line":178,"column":10},"skip":true},"48":{"start":{"line":176,"column":12},"end":{"line":176,"column":25},"skip":true},"49":{"start":{"line":177,"column":12},"end":{"line":177,"column":46},"skip":true},"50":{"start":{"line":180,"column":8},"end":{"line":189,"column":10},"skip":true},"51":{"start":{"line":187,"column":12},"end":{"line":187,"column":94},"skip":true},"52":{"start":{"line":188,"column":12},"end":{"line":188,"column":48},"skip":true},"53":{"start":{"line":192,"column":8},"end":{"line":192,"column":35},"skip":true},"54":{"start":{"line":193,"column":8},"end":{"line":193,"column":14},"skip":true}},"branchMap":{"1":{"line":25,"type":"binary-expr","locations":[{"start":{"line":25,"column":23},"end":{"line":25,"column":62}},{"start":{"line":26,"column":20},"end":{"line":26,"column":70}},{"start":{"line":27,"column":20},"end":{"line":27,"column":71}},{"start":{"line":28,"column":20},"end":{"line":28,"column":29}}]},"2":{"line":30,"type":"binary-expr","locations":[{"start":{"line":30,"column":23},"end":{"line":30,"column":37}},{"start":{"line":31,"column":20},"end":{"line":31,"column":61}},{"start":{"line":32,"column":20},"end":{"line":32,"column":70}},{"start":{"line":33,"column":20},"end":{"line":33,"column":26}}]},"3":{"line":37,"type":"cond-expr","locations":[{"start":{"line":38,"column":14},"end":{"line":38,"column":20}},{"start":{"line":39,"column":14},"end":{"line":39,"column":20}}]},"4":{"line":40,"type":"switch","locations":[{"start":{"line":42,"column":8},"end":{"line":47,"column":18}},{"start":{"line":49,"column":8},"end":{"line":52,"column":18}}]},"5":{"line":44,"type":"binary-expr","locations":[{"start":{"line":44,"column":16},"end":{"line":44,"column":44}},{"start":{"line":44,"column":48},"end":{"line":44,"column":66}}]},"6":{"line":50,"type":"binary-expr","locations":[{"start":{"line":50,"column":21},"end":{"line":50,"column":49}},{"start":{"line":50,"column":53},"end":{"line":50,"column":72}}]},"7":{"line":64,"type":"switch","locations":[{"start":{"line":69,"column":4},"end":{"line":70,"column":14}},{"start":{"line":75,"column":4},"end":{"line":76,"column":14}}]},"8":{"line":85,"type":"switch","locations":[{"start":{"line":90,"column":4},"end":{"line":105,"column":14}},{"start":{"line":111,"column":4},"end":{"line":193,"column":14},"skip":true}]},"9":{"line":91,"type":"binary-expr","locations":[{"start":{"line":91,"column":42},"end":{"line":91,"column":73}},{"start":{"line":91,"column":77},"end":{"line":99,"column":9}}]},"10":{"line":102,"type":"binary-expr","locations":[{"start":{"line":102,"column":18},"end":{"line":102,"column":32}},{"start":{"line":103,"column":12},"end":{"line":103,"column":53}},{"start":{"line":104,"column":12},"end":{"line":104,"column":61}}]},"11":{"line":112,"type":"binary-expr","locations":[{"start":{"line":112,"column":45},"end":{"line":112,"column":79},"skip":true},{"start":{"line":112,"column":83},"end":{"line":121,"column":9},"skip":true}]},"12":{"line":123,"type":"binary-expr","locations":[{"start":{"line":123,"column":42},"end":{"line":123,"column":73},"skip":true},{"start":{"line":123,"column":77},"end":{"line":136,"column":9},"skip":true}]},"13":{"line":138,"type":"binary-expr","locations":[{"start":{"line":138,"column":48},"end":{"line":138,"column":85},"skip":true},{"start":{"line":139,"column":12},"end":{"line":145,"column":13},"skip":true}]},"14":{"line":147,"type":"binary-expr","locations":[{"start":{"line":147,"column":42},"end":{"line":147,"column":73},"skip":true},{"start":{"line":147,"column":77},"end":{"line":156,"column":9},"skip":true}]},"15":{"line":158,"type":"binary-expr","locations":[{"start":{"line":158,"column":45},"end":{"line":158,"column":79},"skip":true},{"start":{"line":158,"column":83},"end":{"line":167,"column":9},"skip":true}]},"16":{"line":169,"type":"binary-expr","locations":[{"start":{"line":169,"column":43},"end":{"line":169,"column":75},"skip":true},{"start":{"line":169,"column":79},"end":{"line":178,"column":9},"skip":true}]},"17":{"line":180,"type":"binary-expr","locations":[{"start":{"line":180,"column":41},"end":{"line":180,"column":71},"skip":true},{"start":{"line":180,"column":75},"end":{"line":189,"column":9},"skip":true}]}},"code":["/* istanbul instrument in package npmtest_openid */","/*jslint","    bitwise: true,","    browser: true,","    maxerr: 8,","    maxlen: 96,","    node: true,","    nomen: true,","    regexp: true,","    stupid: true","*/","(function () {","    'use strict';","    var local;","","","","    // run shared js-env code - pre-init","    (function () {","        // init local","        local = {};","        // init modeJs","        local.modeJs = (function () {","            try {","                return typeof navigator.userAgent === 'string' &&","                    typeof document.querySelector('body') === 'object' &&","                    typeof XMLHttpRequest.prototype.open === 'function' &&","                    'browser';","            } catch (errorCaughtBrowser) {","                return module.exports &&","                    typeof process.versions.node === 'string' &&","                    typeof require('http').createServer === 'function' &&","                    'node';","            }","        }());","        // init global","        local.global = local.modeJs === 'browser'","            ? window","            : global;","        switch (local.modeJs) {","        // re-init local from window.local","        case 'browser':","            local = local.global.utility2.objectSetDefault(","                local.global.utility2_rollup || local.global.local,","                local.global.utility2","            );","            break;","        // re-init local from example.js","        case 'node':","            local = (local.global.utility2_rollup || require('utility2'))","                .requireReadme();","            break;","        }","        // export local","        local.global.local = local;","    }());","","","","    // run shared js-env code - function","    (function () {","        return;","    }());","    switch (local.modeJs) {","","","","    // run browser js-env code - function","    case 'browser':","        break;","","","","    // run node js-env code - function","    case 'node':","        break;","    }","","","","    // run shared js-env code - post-init","    (function () {","        return;","    }());","    switch (local.modeJs) {","","","","    // run browser js-env code - post-init","    case 'browser':","        local.testCase_browser_nullCase = local.testCase_browser_nullCase || function (","            options,","            onError","        ) {","        /*","         * this function will test browsers's null-case handling-behavior-behavior","         */","            onError(null, options);","        };","","        // run tests","        local.nop(local.modeTest &&","            document.querySelector('#testRunButton1') &&","            document.querySelector('#testRunButton1').click());","        break;","","","","    // run node js-env code - post-init","    /* istanbul ignore next */","    case 'node':","        local.testCase_buildApidoc_default = local.testCase_buildApidoc_default || function (","            options,","            onError","        ) {","        /*","         * this function will test buildApidoc's default handling-behavior-behavior","         */","            options = { modulePathList: module.paths };","            local.buildApidoc(options, onError);","        };","","        local.testCase_buildApp_default = local.testCase_buildApp_default || function (","            options,","            onError","        ) {","        /*","         * this function will test buildApp's default handling-behavior-behavior","         */","            local.testCase_buildReadme_default(options, local.onErrorThrow);","            local.testCase_buildLib_default(options, local.onErrorThrow);","            local.testCase_buildTest_default(options, local.onErrorThrow);","            local.testCase_buildCustomOrg_default(options, local.onErrorThrow);","            options = [];","            local.buildApp(options, onError);","        };","","        local.testCase_buildCustomOrg_default = local.testCase_buildCustomOrg_default ||","            function (options, onError) {","            /*","             * this function will test buildCustomOrg's default handling-behavior","             */","                options = {};","                local.buildCustomOrg(options, onError);","            };","","        local.testCase_buildLib_default = local.testCase_buildLib_default || function (","            options,","            onError","        ) {","        /*","         * this function will test buildLib's default handling-behavior","         */","            options = {};","            local.buildLib(options, onError);","        };","","        local.testCase_buildReadme_default = local.testCase_buildReadme_default || function (","            options,","            onError","        ) {","        /*","         * this function will test buildReadme's default handling-behavior-behavior","         */","            options = {};","            local.buildReadme(options, onError);","        };","","        local.testCase_buildTest_default = local.testCase_buildTest_default || function (","            options,","            onError","        ) {","        /*","         * this function will test buildTest's default handling-behavior","         */","            options = {};","            local.buildTest(options, onError);","        };","","        local.testCase_webpage_default = local.testCase_webpage_default || function (","            options,","            onError","        ) {","        /*","         * this function will test webpage's default handling-behavior","         */","            options = { modeCoverageMerge: true, url: local.serverLocalHost + '?modeTest=1' };","            local.browserTest(options, onError);","        };","","        // run test-server","        local.testRunServer(local);","        break;","    }","}());",""],"l":{"12":2,"14":2,"19":2,"21":2,"23":2,"24":2,"25":2,"30":1,"37":2,"40":2,"43":1,"47":1,"50":1,"52":1,"55":2,"61":2,"62":2,"64":2,"70":1,"76":1,"82":2,"83":2,"85":2,"91":1,"98":1,"102":1,"105":1,"112":1,"119":1,"120":1,"123":1,"130":1,"131":1,"132":1,"133":1,"134":1,"135":1,"138":1,"143":2,"144":2,"147":1,"154":2,"155":2,"158":1,"165":2,"166":2,"169":1,"176":2,"177":2,"180":1,"187":1,"188":1,"192":1,"193":1}},"/home/travis/build/npmtest/node-npmtest-openid/lib.npmtest_openid.js":{"path":"/home/travis/build/npmtest/node-npmtest-openid/lib.npmtest_openid.js","s":{"1":2,"2":2,"3":2,"4":2,"5":2,"6":2,"7":2,"8":1,"9":2,"10":2,"11":2,"12":2,"13":1,"14":1,"15":1,"16":1},"b":{"1":[2,1,1,1],"2":[1,1,1,1],"3":[1,1],"4":[2,2],"5":[1,1]},"f":{"1":2,"2":2,"3":2},"fnMap":{"1":{"name":"(anonymous_1)","line":12,"loc":{"start":{"line":12,"column":1},"end":{"line":12,"column":13}}},"2":{"name":"(anonymous_2)","line":19,"loc":{"start":{"line":19,"column":5},"end":{"line":19,"column":17}}},"3":{"name":"(anonymous_3)","line":23,"loc":{"start":{"line":23,"column":24},"end":{"line":23,"column":36}}}},"statementMap":{"1":{"start":{"line":12,"column":0},"end":{"line":53,"column":5}},"2":{"start":{"line":14,"column":4},"end":{"line":14,"column":14}},"3":{"start":{"line":19,"column":4},"end":{"line":52,"column":9}},"4":{"start":{"line":21,"column":8},"end":{"line":21,"column":19}},"5":{"start":{"line":23,"column":8},"end":{"line":35,"column":13}},"6":{"start":{"line":24,"column":12},"end":{"line":34,"column":13}},"7":{"start":{"line":25,"column":16},"end":{"line":28,"column":30}},"8":{"start":{"line":30,"column":16},"end":{"line":33,"column":27}},"9":{"start":{"line":37,"column":8},"end":{"line":39,"column":21}},"10":{"start":{"line":41,"column":8},"end":{"line":41,"column":54}},"11":{"start":{"line":43,"column":8},"end":{"line":43,"column":51}},"12":{"start":{"line":45,"column":8},"end":{"line":51,"column":9}},"13":{"start":{"line":46,"column":12},"end":{"line":46,"column":57}},"14":{"start":{"line":48,"column":12},"end":{"line":48,"column":35}},"15":{"start":{"line":49,"column":12},"end":{"line":49,"column":49}},"16":{"start":{"line":50,"column":12},"end":{"line":50,"column":43}}},"branchMap":{"1":{"line":25,"type":"binary-expr","locations":[{"start":{"line":25,"column":23},"end":{"line":25,"column":62}},{"start":{"line":26,"column":20},"end":{"line":26,"column":70}},{"start":{"line":27,"column":20},"end":{"line":27,"column":71}},{"start":{"line":28,"column":20},"end":{"line":28,"column":29}}]},"2":{"line":30,"type":"binary-expr","locations":[{"start":{"line":30,"column":23},"end":{"line":30,"column":37}},{"start":{"line":31,"column":20},"end":{"line":31,"column":61}},{"start":{"line":32,"column":20},"end":{"line":32,"column":70}},{"start":{"line":33,"column":20},"end":{"line":33,"column":26}}]},"3":{"line":37,"type":"cond-expr","locations":[{"start":{"line":38,"column":14},"end":{"line":38,"column":20}},{"start":{"line":39,"column":14},"end":{"line":39,"column":20}}]},"4":{"line":41,"type":"binary-expr","locations":[{"start":{"line":41,"column":16},"end":{"line":41,"column":44}},{"start":{"line":41,"column":48},"end":{"line":41,"column":53}}]},"5":{"line":45,"type":"if","locations":[{"start":{"line":45,"column":8},"end":{"line":45,"column":8}},{"start":{"line":45,"column":8},"end":{"line":45,"column":8}}]}},"code":["/* istanbul instrument in package npmtest_openid */","/*jslint","    bitwise: true,","    browser: true,","    maxerr: 8,","    maxlen: 96,","    node: true,","    nomen: true,","    regexp: true,","    stupid: true","*/","(function () {","    'use strict';","    var local;","","","","    // run shared js-env code - pre-init","    (function () {","        // init local","        local = {};","        // init modeJs","        local.modeJs = (function () {","            try {","                return typeof navigator.userAgent === 'string' &&","                    typeof document.querySelector('body') === 'object' &&","                    typeof XMLHttpRequest.prototype.open === 'function' &&","                    'browser';","            } catch (errorCaughtBrowser) {","                return module.exports &&","                    typeof process.versions.node === 'string' &&","                    typeof require('http').createServer === 'function' &&","                    'node';","            }","        }());","        // init global","        local.global = local.modeJs === 'browser'","            ? window","            : global;","        // init utility2_rollup","        local = local.global.utility2_rollup || local;","        // init lib","        local.local = local.npmtest_openid = local;","        // init exports","        if (local.modeJs === 'browser') {","            local.global.utility2_npmtest_openid = local;","        } else {","            module.exports = local;","            module.exports.__dirname = __dirname;","            module.exports.module = module;","        }","    }());","}());",""],"l":{"12":2,"14":2,"19":2,"21":2,"23":2,"24":2,"25":2,"30":1,"37":2,"41":2,"43":2,"45":2,"46":1,"48":1,"49":1,"50":1}},"/home/travis/build/npmtest/node-npmtest-openid/example.js":{"path":"/home/travis/build/npmtest/node-npmtest-openid/example.js","s":{"1":2,"2":2,"3":2,"4":2,"5":2,"6":2,"7":2,"8":1,"9":2,"10":2,"11":2,"12":2,"13":1,"14":2,"15":2,"16":2,"17":2,"18":2,"19":0,"20":2,"21":1,"22":1,"23":1,"24":1,"25":1,"26":0,"27":0,"28":1,"29":1,"30":2,"31":0,"32":0,"33":0,"34":1,"35":2,"36":2,"37":3,"38":3,"39":3,"40":3,"41":0,"42":3,"43":3,"44":3,"45":1,"46":3,"47":1,"48":1,"49":1,"50":1,"51":1,"52":1,"53":1,"54":1,"55":1,"56":1,"57":0,"58":1,"59":6,"60":6,"61":1,"62":2,"63":0,"64":2,"65":1,"66":1,"67":0,"68":0,"69":0,"70":0,"71":0,"72":0,"73":0,"74":0,"75":0,"76":0,"77":0,"78":0,"79":0,"80":0,"81":0,"82":0,"83":0},"b":{"1":[2,1,1,1],"2":[1,1,1,1],"3":[1,1],"4":[2,2],"5":[1,1],"6":[1,1],"7":[2,0],"8":[2,1,1,1,1,1],"9":[0,2,0],"10":[1,1],"11":[2,1,1],"12":[1,0],"13":[0,2],"14":[2,0,0,0,0,0,0],"15":[0,3],"16":[3,0],"17":[1,1],"18":[0,1],"19":[1,2,0,2],"20":[1,0],"21":[1,1],"22":[0,0],"23":[0,0],"24":[0,0],"25":[0,0],"26":[0,0],"27":[0,0],"28":[0,0]},"f":{"1":2,"2":2,"3":2,"4":2,"5":2,"6":2,"7":3,"8":3,"9":3,"10":1,"11":6,"12":0},"fnMap":{"1":{"name":"(anonymous_1)","line":26,"loc":{"start":{"line":26,"column":1},"end":{"line":26,"column":13}}},"2":{"name":"(anonymous_2)","line":33,"loc":{"start":{"line":33,"column":5},"end":{"line":33,"column":17}}},"3":{"name":"(anonymous_3)","line":37,"loc":{"start":{"line":37,"column":24},"end":{"line":37,"column":36}}},"4":{"name":"(anonymous_4)","line":69,"loc":{"start":{"line":69,"column":31},"end":{"line":69,"column":48}},"skip":true},"5":{"name":"(anonymous_5)","line":78,"loc":{"start":{"line":78,"column":26},"end":{"line":78,"column":45}},"skip":true},"6":{"name":"(anonymous_6)","line":123,"loc":{"start":{"line":123,"column":33},"end":{"line":123,"column":48}},"skip":true},"7":{"name":"(anonymous_7)","line":125,"loc":{"start":{"line":125,"column":27},"end":{"line":125,"column":39}},"skip":true},"8":{"name":"(anonymous_8)","line":133,"loc":{"start":{"line":133,"column":59},"end":{"line":133,"column":74}},"skip":true},"9":{"name":"(anonymous_9)","line":143,"loc":{"start":{"line":143,"column":45},"end":{"line":143,"column":62}},"skip":true},"10":{"name":"(anonymous_10)","line":144,"loc":{"start":{"line":144,"column":73},"end":{"line":144,"column":92}},"skip":true},"11":{"name":"(anonymous_11)","line":272,"loc":{"start":{"line":272,"column":51},"end":{"line":272,"column":77}},"skip":true},"12":{"name":"(anonymous_12)","line":315,"loc":{"start":{"line":315,"column":32},"end":{"line":315,"column":61}},"skip":true}},"statementMap":{"1":{"start":{"line":26,"column":0},"end":{"line":326,"column":5}},"2":{"start":{"line":28,"column":4},"end":{"line":28,"column":14}},"3":{"start":{"line":33,"column":4},"end":{"line":60,"column":9}},"4":{"start":{"line":35,"column":8},"end":{"line":35,"column":19}},"5":{"start":{"line":37,"column":8},"end":{"line":49,"column":13}},"6":{"start":{"line":38,"column":12},"end":{"line":48,"column":13}},"7":{"start":{"line":39,"column":16},"end":{"line":42,"column":30}},"8":{"start":{"line":44,"column":16},"end":{"line":47,"column":27}},"9":{"start":{"line":51,"column":8},"end":{"line":53,"column":21}},"10":{"start":{"line":55,"column":8},"end":{"line":57,"column":45}},"11":{"start":{"line":59,"column":8},"end":{"line":59,"column":35}},"12":{"start":{"line":61,"column":4},"end":{"line":325,"column":5}},"13":{"start":{"line":69,"column":8},"end":{"line":121,"column":10},"skip":true},"14":{"start":{"line":70,"column":12},"end":{"line":88,"column":13},"skip":true},"15":{"start":{"line":76,"column":16},"end":{"line":87,"column":19},"skip":true},"16":{"start":{"line":79,"column":20},"end":{"line":86,"column":21},"skip":true},"17":{"start":{"line":82,"column":24},"end":{"line":82,"column":43},"skip":true},"18":{"start":{"line":83,"column":24},"end":{"line":83,"column":30},"skip":true},"19":{"start":{"line":85,"column":24},"end":{"line":85,"column":49},"skip":true},"20":{"start":{"line":89,"column":12},"end":{"line":107,"column":13},"skip":true},"21":{"start":{"line":92,"column":16},"end":{"line":102,"column":17},"skip":true},"22":{"start":{"line":93,"column":20},"end":{"line":93,"column":86},"skip":true},"23":{"start":{"line":94,"column":20},"end":{"line":95,"column":45},"skip":true},"24":{"start":{"line":96,"column":20},"end":{"line":96,"column":42},"skip":true},"25":{"start":{"line":97,"column":20},"end":{"line":97,"column":48},"skip":true},"26":{"start":{"line":100,"column":20},"end":{"line":100,"column":85},"skip":true},"27":{"start":{"line":101,"column":20},"end":{"line":101,"column":96},"skip":true},"28":{"start":{"line":103,"column":16},"end":{"line":103,"column":22},"skip":true},"29":{"start":{"line":106,"column":16},"end":{"line":106,"column":22},"skip":true},"30":{"start":{"line":108,"column":12},"end":{"line":120,"column":13},"skip":true},"31":{"start":{"line":114,"column":16},"end":{"line":119,"column":17},"skip":true},"32":{"start":{"line":116,"column":20},"end":{"line":116,"column":78},"skip":true},"33":{"start":{"line":118,"column":20},"end":{"line":118,"column":47},"skip":true},"34":{"start":{"line":123,"column":8},"end":{"line":141,"column":11},"skip":true},"35":{"start":{"line":124,"column":12},"end":{"line":124,"column":54},"skip":true},"36":{"start":{"line":125,"column":12},"end":{"line":140,"column":14},"skip":true},"37":{"start":{"line":126,"column":16},"end":{"line":126,"column":28},"skip":true},"38":{"start":{"line":127,"column":16},"end":{"line":127,"column":69},"skip":true},"39":{"start":{"line":128,"column":16},"end":{"line":128,"column":75},"skip":true},"40":{"start":{"line":129,"column":16},"end":{"line":131,"column":17},"skip":true},"41":{"start":{"line":130,"column":20},"end":{"line":130,"column":27},"skip":true},"42":{"start":{"line":133,"column":16},"end":{"line":137,"column":36},"skip":true},"43":{"start":{"line":134,"column":20},"end":{"line":136,"column":55},"skip":true},"44":{"start":{"line":139,"column":16},"end":{"line":139,"column":57},"skip":true},"45":{"start":{"line":143,"column":8},"end":{"line":147,"column":11},"skip":true},"46":{"start":{"line":144,"column":12},"end":{"line":146,"column":15},"skip":true},"47":{"start":{"line":145,"column":16},"end":{"line":145,"column":70},"skip":true},"48":{"start":{"line":149,"column":8},"end":{"line":149,"column":31},"skip":true},"49":{"start":{"line":150,"column":8},"end":{"line":150,"column":14},"skip":true},"50":{"start":{"line":158,"column":8},"end":{"line":158,"column":31},"skip":true},"51":{"start":{"line":160,"column":8},"end":{"line":160,"column":33},"skip":true},"52":{"start":{"line":161,"column":8},"end":{"line":161,"column":37},"skip":true},"53":{"start":{"line":162,"column":8},"end":{"line":162,"column":35},"skip":true},"54":{"start":{"line":164,"column":8},"end":{"line":164,"column":50},"skip":true},"55":{"start":{"line":166,"column":8},"end":{"line":256,"column":2},"skip":true},"56":{"start":{"line":258,"column":8},"end":{"line":286,"column":9},"skip":true},"57":{"start":{"line":259,"column":12},"end":{"line":269,"column":14},"skip":true},"58":{"start":{"line":271,"column":12},"end":{"line":285,"column":19},"skip":true},"59":{"start":{"line":274,"column":20},"end":{"line":274,"column":35},"skip":true},"60":{"start":{"line":275,"column":20},"end":{"line":284,"column":21},"skip":true},"61":{"start":{"line":277,"column":24},"end":{"line":277,"column":64},"skip":true},"62":{"start":{"line":279,"column":24},"end":{"line":279,"column":40},"skip":true},"63":{"start":{"line":281,"column":24},"end":{"line":281,"column":40},"skip":true},"64":{"start":{"line":283,"column":24},"end":{"line":283,"column":39},"skip":true},"65":{"start":{"line":288,"column":8},"end":{"line":290,"column":9},"skip":true},"66":{"start":{"line":289,"column":12},"end":{"line":289,"column":18},"skip":true},"67":{"start":{"line":291,"column":8},"end":{"line":293,"column":54},"skip":true},"68":{"start":{"line":296,"column":8},"end":{"line":301,"column":37},"skip":true},"69":{"start":{"line":303,"column":8},"end":{"line":303,"column":82},"skip":true},"70":{"start":{"line":306,"column":8},"end":{"line":308,"column":9},"skip":true},"71":{"start":{"line":307,"column":12},"end":{"line":307,"column":82},"skip":true},"72":{"start":{"line":310,"column":8},"end":{"line":312,"column":9},"skip":true},"73":{"start":{"line":311,"column":12},"end":{"line":311,"column":18},"skip":true},"74":{"start":{"line":313,"column":8},"end":{"line":313,"column":54},"skip":true},"75":{"start":{"line":314,"column":8},"end":{"line":314,"column":69},"skip":true},"76":{"start":{"line":315,"column":8},"end":{"line":323,"column":36},"skip":true},"77":{"start":{"line":316,"column":12},"end":{"line":316,"column":61},"skip":true},"78":{"start":{"line":317,"column":12},"end":{"line":320,"column":13},"skip":true},"79":{"start":{"line":318,"column":16},"end":{"line":318,"column":75},"skip":true},"80":{"start":{"line":319,"column":16},"end":{"line":319,"column":23},"skip":true},"81":{"start":{"line":321,"column":12},"end":{"line":321,"column":38},"skip":true},"82":{"start":{"line":322,"column":12},"end":{"line":322,"column":27},"skip":true},"83":{"start":{"line":324,"column":8},"end":{"line":324,"column":14},"skip":true}},"branchMap":{"1":{"line":39,"type":"binary-expr","locations":[{"start":{"line":39,"column":23},"end":{"line":39,"column":62}},{"start":{"line":40,"column":20},"end":{"line":40,"column":70}},{"start":{"line":41,"column":20},"end":{"line":41,"column":71}},{"start":{"line":42,"column":20},"end":{"line":42,"column":29}}]},"2":{"line":44,"type":"binary-expr","locations":[{"start":{"line":44,"column":23},"end":{"line":44,"column":37}},{"start":{"line":45,"column":20},"end":{"line":45,"column":61}},{"start":{"line":46,"column":20},"end":{"line":46,"column":70}},{"start":{"line":47,"column":20},"end":{"line":47,"column":26}}]},"3":{"line":51,"type":"cond-expr","locations":[{"start":{"line":52,"column":14},"end":{"line":52,"column":20}},{"start":{"line":53,"column":14},"end":{"line":53,"column":20}}]},"4":{"line":55,"type":"binary-expr","locations":[{"start":{"line":55,"column":16},"end":{"line":55,"column":44}},{"start":{"line":55,"column":49},"end":{"line":57,"column":43}}]},"5":{"line":55,"type":"cond-expr","locations":[{"start":{"line":56,"column":14},"end":{"line":56,"column":50}},{"start":{"line":57,"column":14},"end":{"line":57,"column":43}}]},"6":{"line":61,"type":"switch","locations":[{"start":{"line":68,"column":4},"end":{"line":150,"column":14},"skip":true},{"start":{"line":156,"column":4},"end":{"line":324,"column":14},"skip":true}]},"7":{"line":70,"type":"if","locations":[{"start":{"line":70,"column":12},"end":{"line":70,"column":12},"skip":true},{"start":{"line":70,"column":12},"end":{"line":70,"column":12},"skip":true}]},"8":{"line":70,"type":"binary-expr","locations":[{"start":{"line":70,"column":16},"end":{"line":70,"column":22},"skip":true},{"start":{"line":70,"column":27},"end":{"line":70,"column":32},"skip":true},{"start":{"line":71,"column":20},"end":{"line":71,"column":39},"skip":true},{"start":{"line":72,"column":20},"end":{"line":72,"column":49},"skip":true},{"start":{"line":73,"column":20},"end":{"line":73,"column":58},"skip":true},{"start":{"line":74,"column":20},"end":{"line":74,"column":69},"skip":true}]},"9":{"line":79,"type":"switch","locations":[{"start":{"line":80,"column":20},"end":{"line":80,"column":33},"skip":true},{"start":{"line":81,"column":20},"end":{"line":83,"column":30},"skip":true},{"start":{"line":84,"column":20},"end":{"line":85,"column":49},"skip":true}]},"10":{"line":89,"type":"switch","locations":[{"start":{"line":90,"column":12},"end":{"line":103,"column":22},"skip":true},{"start":{"line":105,"column":12},"end":{"line":106,"column":22},"skip":true}]},"11":{"line":89,"type":"binary-expr","locations":[{"start":{"line":89,"column":20},"end":{"line":89,"column":25},"skip":true},{"start":{"line":89,"column":29},"end":{"line":89,"column":48},"skip":true},{"start":{"line":89,"column":52},"end":{"line":89,"column":74},"skip":true}]},"12":{"line":92,"type":"if","locations":[{"start":{"line":92,"column":16},"end":{"line":92,"column":16},"skip":true},{"start":{"line":92,"column":16},"end":{"line":92,"column":16},"skip":true}]},"13":{"line":108,"type":"if","locations":[{"start":{"line":108,"column":12},"end":{"line":108,"column":12},"skip":true},{"start":{"line":108,"column":12},"end":{"line":108,"column":12},"skip":true}]},"14":{"line":108,"type":"binary-expr","locations":[{"start":{"line":108,"column":16},"end":{"line":108,"column":61},"skip":true},{"start":{"line":108,"column":66},"end":{"line":108,"column":72},"skip":true},{"start":{"line":108,"column":77},"end":{"line":108,"column":82},"skip":true},{"start":{"line":109,"column":20},"end":{"line":109,"column":39},"skip":true},{"start":{"line":110,"column":20},"end":{"line":110,"column":49},"skip":true},{"start":{"line":111,"column":20},"end":{"line":111,"column":58},"skip":true},{"start":{"line":112,"column":20},"end":{"line":112,"column":68},"skip":true}]},"15":{"line":129,"type":"if","locations":[{"start":{"line":129,"column":16},"end":{"line":129,"column":16},"skip":true},{"start":{"line":129,"column":16},"end":{"line":129,"column":16},"skip":true}]},"16":{"line":134,"type":"cond-expr","locations":[{"start":{"line":135,"column":26},"end":{"line":135,"column":29},"skip":true},{"start":{"line":136,"column":26},"end":{"line":136,"column":54},"skip":true}]},"17":{"line":164,"type":"binary-expr","locations":[{"start":{"line":164,"column":27},"end":{"line":164,"column":43},"skip":true},{"start":{"line":164,"column":47},"end":{"line":164,"column":49},"skip":true}]},"18":{"line":258,"type":"if","locations":[{"start":{"line":258,"column":8},"end":{"line":258,"column":8},"skip":true},{"start":{"line":258,"column":8},"end":{"line":258,"column":8},"skip":true}]},"19":{"line":275,"type":"switch","locations":[{"start":{"line":276,"column":20},"end":{"line":277,"column":64},"skip":true},{"start":{"line":278,"column":20},"end":{"line":279,"column":40},"skip":true},{"start":{"line":280,"column":20},"end":{"line":281,"column":40},"skip":true},{"start":{"line":282,"column":20},"end":{"line":283,"column":39},"skip":true}]},"20":{"line":288,"type":"if","locations":[{"start":{"line":288,"column":8},"end":{"line":288,"column":8},"skip":true},{"start":{"line":288,"column":8},"end":{"line":288,"column":8},"skip":true}]},"21":{"line":288,"type":"binary-expr","locations":[{"start":{"line":288,"column":12},"end":{"line":288,"column":40},"skip":true},{"start":{"line":288,"column":44},"end":{"line":288,"column":67},"skip":true}]},"22":{"line":292,"type":"binary-expr","locations":[{"start":{"line":292,"column":12},"end":{"line":292,"column":50},"skip":true},{"start":{"line":293,"column":12},"end":{"line":293,"column":53},"skip":true}]},"23":{"line":297,"type":"binary-expr","locations":[{"start":{"line":297,"column":12},"end":{"line":297,"column":64},"skip":true},{"start":{"line":298,"column":12},"end":{"line":301,"column":36},"skip":true}]},"24":{"line":303,"type":"binary-expr","locations":[{"start":{"line":303,"column":43},"end":{"line":303,"column":75},"skip":true},{"start":{"line":303,"column":79},"end":{"line":303,"column":81},"skip":true}]},"25":{"line":306,"type":"if","locations":[{"start":{"line":306,"column":8},"end":{"line":306,"column":8},"skip":true},{"start":{"line":306,"column":8},"end":{"line":306,"column":8},"skip":true}]},"26":{"line":310,"type":"if","locations":[{"start":{"line":310,"column":8},"end":{"line":310,"column":8},"skip":true},{"start":{"line":310,"column":8},"end":{"line":310,"column":8},"skip":true}]},"27":{"line":313,"type":"binary-expr","locations":[{"start":{"line":313,"column":27},"end":{"line":313,"column":43},"skip":true},{"start":{"line":313,"column":47},"end":{"line":313,"column":53},"skip":true}]},"28":{"line":317,"type":"if","locations":[{"start":{"line":317,"column":12},"end":{"line":317,"column":12},"skip":true},{"start":{"line":317,"column":12},"end":{"line":317,"column":12},"skip":true}]}},"code":["/*","example.js","","quickstart example","","instruction","    1. save this script as example.js","    2. run the shell command:","        $ npm install npmtest-openid && PORT=8081 node example.js","    3. play with the browser-demo on http://127.0.0.1:8081","*/","","","","/* istanbul instrument in package npmtest_openid */","/*jslint","    bitwise: true,","    browser: true,","    maxerr: 8,","    maxlen: 96,","    node: true,","    nomen: true,","    regexp: true,","    stupid: true","*/","(function () {","    'use strict';","    var local;","","","","    // run shared js-env code - pre-init","    (function () {","        // init local","        local = {};","        // init modeJs","        local.modeJs = (function () {","            try {","                return typeof navigator.userAgent === 'string' &&","                    typeof document.querySelector('body') === 'object' &&","                    typeof XMLHttpRequest.prototype.open === 'function' &&","                    'browser';","            } catch (errorCaughtBrowser) {","                return module.exports &&","                    typeof process.versions.node === 'string' &&","                    typeof require('http').createServer === 'function' &&","                    'node';","            }","        }());","        // init global","        local.global = local.modeJs === 'browser'","            ? window","            : global;","        // init utility2_rollup","        local = local.global.utility2_rollup || (local.modeJs === 'browser'","            ? local.global.utility2_npmtest_openid","            : global.utility2_moduleExports);","        // export local","        local.global.local = local;","    }());","    switch (local.modeJs) {","","","","    // post-init","    // run browser js-env code - post-init","    /* istanbul ignore next */","    case 'browser':","        local.testRunBrowser = function (event) {","            if (!event || (event &&","                    event.currentTarget &&","                    event.currentTarget.className &&","                    event.currentTarget.className.includes &&","                    event.currentTarget.className.includes('onreset'))) {","                // reset output","                Array.from(","                    document.querySelectorAll('body > .resettable')","                ).forEach(function (element) {","                    switch (element.tagName) {","                    case 'INPUT':","                    case 'TEXTAREA':","                        element.value = '';","                        break;","                    default:","                        element.textContent = '';","                    }","                });","            }","            switch (event && event.currentTarget && event.currentTarget.id) {","            case 'testRunButton1':","                // show tests","                if (document.querySelector('#testReportDiv1').style.display === 'none') {","                    document.querySelector('#testReportDiv1').style.display = 'block';","                    document.querySelector('#testRunButton1').textContent =","                        'hide internal test';","                    local.modeTest = true;","                    local.testRunDefault(local);","                // hide tests","                } else {","                    document.querySelector('#testReportDiv1').style.display = 'none';","                    document.querySelector('#testRunButton1').textContent = 'run internal test';","                }","                break;","            // custom-case","            default:","                break;","            }","            if (document.querySelector('#inputTextareaEval1') && (!event || (event &&","                    event.currentTarget &&","                    event.currentTarget.className &&","                    event.currentTarget.className.includes &&","                    event.currentTarget.className.includes('oneval')))) {","                // try to eval input-code","                try {","                    /*jslint evil: true*/","                    eval(document.querySelector('#inputTextareaEval1').value);","                } catch (errorCaught) {","                    console.error(errorCaught);","                }","            }","        };","        // log stderr and stdout to #outputTextareaStdout1","        ['error', 'log'].forEach(function (key) {","            console[key + '_original'] = console[key];","            console[key] = function () {","                var element;","                console[key + '_original'].apply(console, arguments);","                element = document.querySelector('#outputTextareaStdout1');","                if (!element) {","                    return;","                }","                // append text to #outputTextareaStdout1","                element.value += Array.from(arguments).map(function (arg) {","                    return typeof arg === 'string'","                        ? arg","                        : JSON.stringify(arg, null, 4);","                }).join(' ') + '\\n';","                // scroll textarea to bottom","                element.scrollTop = element.scrollHeight;","            };","        });","        // init event-handling","        ['change', 'click', 'keyup'].forEach(function (event) {","            Array.from(document.querySelectorAll('.on' + event)).forEach(function (element) {","                element.addEventListener(event, local.testRunBrowser);","            });","        });","        // run tests","        local.testRunBrowser();","        break;","","","","    // run node js-env code - post-init","    /* istanbul ignore next */","    case 'node':","        // export local","        module.exports = local;","        // require modules","        local.fs = require('fs');","        local.http = require('http');","        local.url = require('url');","        // init assets","        local.assetsDict = local.assetsDict || {};","        /* jslint-ignore-begin */","        local.assetsDict['/assets.index.template.html'] = '\\","<!doctype html>\\n\\","<html lang=\"en\">\\n\\","<head>\\n\\","<meta charset=\"UTF-8\">\\n\\","<meta name=\"viewport\" content=\"width=device-width, initial-scale=1\">\\n\\","<title>{{env.npm_package_name}} (v{{env.npm_package_version}})</title>\\n\\","<style>\\n\\","/*csslint\\n\\","    box-sizing: false,\\n\\","    universal-selector: false\\n\\","*/\\n\\","* {\\n\\","    box-sizing: border-box;\\n\\","}\\n\\","body {\\n\\","    background: #dde;\\n\\","    font-family: Arial, Helvetica, sans-serif;\\n\\","    margin: 2rem;\\n\\","}\\n\\","body > * {\\n\\","    margin-bottom: 1rem;\\n\\","}\\n\\",".utility2FooterDiv {\\n\\","    margin-top: 20px;\\n\\","    text-align: center;\\n\\","}\\n\\","</style>\\n\\","<style>\\n\\","/*csslint\\n\\","*/\\n\\","textarea {\\n\\","    font-family: monospace;\\n\\","    height: 10rem;\\n\\","    width: 100%;\\n\\","}\\n\\","textarea[readonly] {\\n\\","    background: #ddd;\\n\\","}\\n\\","</style>\\n\\","</head>\\n\\","<body>\\n\\","<!-- utility2-comment\\n\\","<div id=\"ajaxProgressDiv1\" style=\"background: #d00; height: 2px; left: 0; margin: 0; padding: 0; position: fixed; top: 0; transition: background 0.5s, width 1.5s; width: 25%;\"></div>\\n\\","utility2-comment -->\\n\\","<h1>\\n\\","<!-- utility2-comment\\n\\","    <a\\n\\","        {{#if env.npm_package_homepage}}\\n\\","        href=\"{{env.npm_package_homepage}}\"\\n\\","        {{/if env.npm_package_homepage}}\\n\\","        target=\"_blank\"\\n\\","    >\\n\\","utility2-comment -->\\n\\","        {{env.npm_package_name}} (v{{env.npm_package_version}})\\n\\","<!-- utility2-comment\\n\\","    </a>\\n\\","utility2-comment -->\\n\\","</h1>\\n\\","<h3>{{env.npm_package_description}}</h3>\\n\\","<!-- utility2-comment\\n\\","<h4><a download href=\"assets.app.js\">download standalone app</a></h4>\\n\\","<button class=\"onclick onreset\" id=\"testRunButton1\">run internal test</button><br>\\n\\","<div id=\"testReportDiv1\" style=\"display: none;\"></div>\\n\\","utility2-comment -->\\n\\","\\n\\","\\n\\","\\n\\","<label>stderr and stdout</label>\\n\\","<textarea class=\"resettable\" id=\"outputTextareaStdout1\" readonly></textarea>\\n\\","<!-- utility2-comment\\n\\","{{#if isRollup}}\\n\\","<script src=\"assets.app.js\"></script>\\n\\","{{#unless isRollup}}\\n\\","utility2-comment -->\\n\\","<script src=\"assets.utility2.rollup.js\"></script>\\n\\","<script src=\"jsonp.utility2._stateInit?callback=window.utility2._stateInit\"></script>\\n\\","<script src=\"assets.npmtest_openid.rollup.js\"></script>\\n\\","<script src=\"assets.example.js\"></script>\\n\\","<script src=\"assets.test.js\"></script>\\n\\","<!-- utility2-comment\\n\\","{{/if isRollup}}\\n\\","utility2-comment -->\\n\\","<div class=\"utility2FooterDiv\">\\n\\","    [ this app was created with\\n\\","    <a href=\"https://github.com/kaizhu256/node-utility2\" target=\"_blank\">utility2</a>\\n\\","    ]\\n\\","</div>\\n\\","</body>\\n\\","</html>\\n\\","';","        /* jslint-ignore-end */","        if (local.templateRender) {","            local.assetsDict['/'] = local.templateRender(","                local.assetsDict['/assets.index.template.html'],","                {","                    env: local.objectSetDefault(local.env, {","                        npm_package_description: 'the greatest app in the world!',","                        npm_package_name: 'my-app',","                        npm_package_nameAlias: 'my_app',","                        npm_package_version: '0.0.1'","                    })","                }","            );","        } else {","            local.assetsDict['/'] = local.assetsDict['/assets.index.template.html']","                .replace((/\\{\\{env\\.(\\w+?)\\}\\}/g), function (match0, match1) {","                    // jslint-hack","                    String(match0);","                    switch (match1) {","                    case 'npm_package_description':","                        return 'the greatest app in the world!';","                    case 'npm_package_name':","                        return 'my-app';","                    case 'npm_package_nameAlias':","                        return 'my_app';","                    case 'npm_package_version':","                        return '0.0.1';","                    }","                });","        }","        // run the cli","        if (local.global.utility2_rollup || module !== require.main) {","            break;","        }","        local.assetsDict['/assets.example.js'] =","            local.assetsDict['/assets.example.js'] ||","            local.fs.readFileSync(__filename, 'utf8');","        // bug-workaround - long $npm_package_buildCustomOrg","        /* jslint-ignore-begin */","        local.assetsDict['/assets.npmtest_openid.rollup.js'] =","            local.assetsDict['/assets.npmtest_openid.rollup.js'] ||","            local.fs.readFileSync(","                local.npmtest_openid.__dirname + '/lib.npmtest_openid.js',","                'utf8'","            ).replace((/^#!/), '//');","        /* jslint-ignore-end */","        local.assetsDict['/favicon.ico'] = local.assetsDict['/favicon.ico'] || '';","        // if $npm_config_timeout_exit exists,","        // then exit this process after $npm_config_timeout_exit ms","        if (Number(process.env.npm_config_timeout_exit)) {","            setTimeout(process.exit, Number(process.env.npm_config_timeout_exit));","        }","        // start server","        if (local.global.utility2_serverHttp1) {","            break;","        }","        process.env.PORT = process.env.PORT || '8081';","        console.error('server starting on port ' + process.env.PORT);","        local.http.createServer(function (request, response) {","            request.urlParsed = local.url.parse(request.url);","            if (local.assetsDict[request.urlParsed.pathname] !== undefined) {","                response.end(local.assetsDict[request.urlParsed.pathname]);","                return;","            }","            response.statusCode = 404;","            response.end();","        }).listen(process.env.PORT);","        break;","    }","}());",""],"l":{"26":2,"28":2,"33":2,"35":2,"37":2,"38":2,"39":2,"44":1,"51":2,"55":2,"59":2,"61":2,"69":1,"70":2,"76":2,"79":2,"82":2,"83":2,"85":1,"89":2,"92":1,"93":1,"94":1,"96":1,"97":1,"100":1,"101":1,"103":1,"106":1,"108":2,"114":1,"116":1,"118":1,"123":1,"124":2,"125":2,"126":3,"127":3,"128":3,"129":3,"130":1,"133":3,"134":3,"139":3,"143":1,"144":3,"145":1,"149":1,"150":1,"158":1,"160":1,"161":1,"162":1,"164":1,"166":1,"258":1,"259":1,"271":1,"274":6,"275":6,"277":1,"279":2,"281":1,"283":2,"288":1,"289":1,"291":1,"296":1,"303":1,"306":1,"307":1,"310":1,"311":1,"313":1,"314":1,"315":1,"316":1,"317":1,"318":1,"319":1,"321":1,"322":1,"324":1}},"/home/travis/build/npmtest/node-npmtest-openid/node_modules/openid/openid.js":{"path":"/home/travis/build/npmtest/node-npmtest-openid/node_modules/openid/openid.js","s":{"1":1,"2":1,"3":1,"4":1,"5":1,"6":1,"7":1,"8":3,"9":1,"10":3,"11":3,"12":3,"13":3,"14":3,"15":1,"16":0,"17":1,"18":0,"19":1,"20":0,"21":0,"22":0,"23":1,"24":0,"25":0,"26":0,"27":1,"28":0,"29":0,"30":1,"31":1,"32":1,"33":1,"34":1,"35":1,"36":0,"37":0,"38":1,"39":0,"40":1,"41":0,"42":1,"43":0,"44":1,"45":0,"46":1,"47":0,"48":0,"49":0,"50":0,"51":0,"52":0,"53":1,"54":0,"55":0,"56":0,"57":0,"58":1,"59":0,"60":0,"61":0,"62":1,"63":0,"64":0,"65":1,"66":0,"67":0,"68":1,"69":0,"70":0,"71":0,"72":1,"73":0,"74":0,"75":0,"76":0,"77":0,"78":0,"79":0,"80":0,"81":0,"82":1,"83":0,"84":0,"85":0,"86":0,"87":0,"88":1,"89":0,"90":0,"91":0,"92":0,"93":0,"94":1,"95":0,"96":0,"97":0,"98":0,"99":0,"100":0,"101":0,"102":0,"103":0,"104":0,"105":0,"106":0,"107":0,"108":1,"109":0,"110":0,"111":0,"112":0,"113":0,"114":0,"115":0,"116":0,"117":0,"118":0,"119":1,"120":0,"121":0,"122":0,"123":0,"124":0,"125":0,"126":0,"127":0,"128":0,"129":0,"130":0,"131":0,"132":0,"133":0,"134":0,"135":0,"136":0,"137":0,"138":0,"139":0,"140":0,"141":1,"142":0,"143":0,"144":0,"145":0,"146":0,"147":0,"148":0,"149":1,"150":0,"151":0,"152":0,"153":0,"154":0,"155":0,"156":0,"157":1,"158":0,"159":0,"160":0,"161":0,"162":0,"163":0,"164":0,"165":0,"166":0,"167":0,"168":0,"169":0,"170":1,"171":0,"172":0,"173":0,"174":0,"175":0,"176":1,"177":0,"178":0,"179":0,"180":0,"181":0,"182":0,"183":0,"184":0,"185":0,"186":0,"187":0,"188":0,"189":0,"190":0,"191":0,"192":0,"193":0,"194":0,"195":1,"196":0,"197":0,"198":0,"199":0,"200":0,"201":0,"202":0,"203":0,"204":0,"205":0,"206":1,"207":0,"208":0,"209":0,"210":0,"211":0,"212":0,"213":0,"214":0,"215":0,"216":0,"217":0,"218":0,"219":0,"220":0,"221":0,"222":0,"223":1,"224":0,"225":0,"226":0,"227":0,"228":0,"229":0,"230":0,"231":0,"232":0,"233":0,"234":0,"235":0,"236":0,"237":0,"238":0,"239":0,"240":0,"241":1,"242":0,"243":0,"244":0,"245":0,"246":1,"247":0,"248":0,"249":0,"250":0,"251":0,"252":0,"253":0,"254":0,"255":0,"256":0,"257":0,"258":0,"259":0,"260":0,"261":0,"262":0,"263":0,"264":0,"265":0,"266":0,"267":0,"268":0,"269":0,"270":0,"271":0,"272":0,"273":0,"274":0,"275":0,"276":0,"277":0,"278":0,"279":0,"280":0,"281":0,"282":0,"283":0,"284":0,"285":0,"286":0,"287":0,"288":0,"289":0,"290":1,"291":0,"292":0,"293":0,"294":0,"295":0,"296":0,"297":0,"298":0,"299":0,"300":0,"301":0,"302":0,"303":0,"304":0,"305":0,"306":0,"307":0,"308":0,"309":0,"310":1,"311":0,"312":0,"313":0,"314":0,"315":0,"316":0,"317":0,"318":0,"319":0,"320":0,"321":0,"322":0,"323":0,"324":0,"325":0,"326":0,"327":0,"328":0,"329":0,"330":0,"331":0,"332":0,"333":0,"334":0,"335":0,"336":0,"337":0,"338":1,"339":0,"340":0,"341":0,"342":0,"343":0,"344":0,"345":0,"346":0,"347":0,"348":0,"349":0,"350":0,"351":0,"352":0,"353":0,"354":0,"355":0,"356":0,"357":0,"358":0,"359":0,"360":0,"361":0,"362":0,"363":0,"364":0,"365":0,"366":0,"367":0,"368":0,"369":1,"370":0,"371":0,"372":0,"373":0,"374":0,"375":0,"376":0,"377":0,"378":0,"379":0,"380":0,"381":0,"382":0,"383":0,"384":0,"385":0,"386":0,"387":0,"388":0,"389":0,"390":0,"391":1,"392":0,"393":0,"394":0,"395":0,"396":0,"397":0,"398":0,"399":0,"400":0,"401":0,"402":0,"403":0,"404":0,"405":0,"406":0,"407":1,"408":0,"409":0,"410":0,"411":0,"412":0,"413":0,"414":0,"415":0,"416":0,"417":1,"418":0,"419":0,"420":0,"421":0,"422":0,"423":0,"424":0,"425":1,"426":0,"427":0,"428":0,"429":0,"430":1,"431":0,"432":0,"433":0,"434":0,"435":0,"436":0,"437":0,"438":0,"439":0,"440":0,"441":0,"442":0,"443":0,"444":0,"445":0,"446":0,"447":0,"448":0,"449":1,"450":0,"451":0,"452":0,"453":1,"454":0,"455":0,"456":0,"457":0,"458":0,"459":0,"460":0,"461":0,"462":0,"463":0,"464":0,"465":0,"466":0,"467":0,"468":0,"469":0,"470":0,"471":0,"472":0,"473":0,"474":0,"475":0,"476":1,"477":0,"478":0,"479":0,"480":0,"481":0,"482":0,"483":0,"484":0,"485":0,"486":0,"487":0,"488":0,"489":0,"490":0,"491":0,"492":0,"493":0,"494":0,"495":0,"496":0,"497":0,"498":0,"499":0,"500":0,"501":0,"502":1,"503":0,"504":0,"505":0,"506":0,"507":0,"508":1,"509":0,"510":0,"511":0,"512":0,"513":0,"514":0,"515":0,"516":0,"517":0,"518":0,"519":0,"520":0,"521":0,"522":0,"523":0,"524":0,"525":0,"526":0,"527":0,"528":0,"529":0,"530":0,"531":0,"532":1,"533":0,"534":0,"535":0,"536":0,"537":0,"538":0,"539":0,"540":0,"541":0,"542":0,"543":0,"544":1,"545":0,"546":0,"547":0,"548":0,"549":0,"550":0,"551":1,"552":0,"553":0,"554":0,"555":1,"556":1,"557":1,"558":1,"559":0,"560":1,"561":1,"562":1,"563":9,"564":9,"565":9,"566":0,"567":9,"568":9,"569":0,"570":9,"571":9,"572":1,"573":0,"574":0,"575":0,"576":0,"577":0,"578":1,"579":1,"580":1,"581":1,"582":1,"583":1,"584":1,"585":1,"586":1,"587":1,"588":1,"589":1,"590":1,"591":3,"592":0,"593":3,"594":3,"595":0,"596":1,"597":1,"598":3,"599":3,"600":3,"601":1,"602":0,"603":0,"604":0,"605":1,"606":1,"607":1,"608":0,"609":1,"610":0,"611":0,"612":0,"613":0,"614":0,"615":0,"616":0,"617":0,"618":0,"619":0,"620":0,"621":0,"622":0,"623":0,"624":0,"625":0,"626":0,"627":0,"628":0,"629":0,"630":0,"631":0,"632":0,"633":0,"634":0,"635":0,"636":0,"637":1,"638":0,"639":1,"640":0,"641":0,"642":0,"643":1,"644":1,"645":1,"646":1,"647":1,"648":1,"649":2,"650":1,"651":1,"652":1,"653":1,"654":1,"655":1,"656":1,"657":1,"658":1,"659":1,"660":0,"661":0,"662":0,"663":0,"664":0,"665":0,"666":1,"667":0,"668":0,"669":0,"670":0,"671":0,"672":0,"673":0,"674":0,"675":0,"676":0},"b":{"1":[3,3],"2":[0,0],"3":[0,0],"4":[1,0],"5":[0,1],"6":[0,0],"7":[0,0],"8":[0,0],"9":[0,0],"10":[0,0],"11":[0,0],"12":[0,0],"13":[0,0],"14":[0,0],"15":[0,0],"16":[0,0],"17":[0,0],"18":[0,0],"19":[0,0],"20":[0,0],"21":[0,0],"22":[0,0],"23":[0,0],"24":[0,0],"25":[0,0],"26":[0,0],"27":[0,0],"28":[0,0],"29":[0,0],"30":[0,0],"31":[0,0],"32":[0,0],"33":[0,0],"34":[0,0],"35":[0,0],"36":[0,0],"37":[0,0],"38":[0,0],"39":[0,0],"40":[0,0],"41":[0,0],"42":[0,0],"43":[0,0],"44":[0,0],"45":[0,0],"46":[0,0],"47":[0,0],"48":[0,0],"49":[0,0],"50":[0,0,0],"51":[0,0],"52":[0,0],"53":[0,0],"54":[0,0],"55":[0,0],"56":[0,0],"57":[0,0],"58":[0,0],"59":[0,0],"60":[0,0],"61":[0,0],"62":[0,0],"63":[0,0],"64":[0,0,0,0],"65":[0,0],"66":[0,0],"67":[0,0],"68":[0,0],"69":[0,0],"70":[0,0],"71":[0,0],"72":[0,0,0],"73":[0,0],"74":[0,0],"75":[0,0],"76":[0,0,0],"77":[0,0],"78":[0,0],"79":[0,0],"80":[0,0],"81":[0,0],"82":[0,0],"83":[0,0],"84":[0,0],"85":[0,0],"86":[0,0],"87":[0,0],"88":[0,0],"89":[0,0],"90":[0,0],"91":[0,0],"92":[0,0],"93":[0,0],"94":[0,0],"95":[0,0],"96":[0,0],"97":[0,0],"98":[0,0],"99":[0,0],"100":[0,0],"101":[0,0],"102":[0,0],"103":[0,0,0],"104":[0,0],"105":[0,0],"106":[0,0],"107":[0,0],"108":[0,0],"109":[0,0],"110":[0,0],"111":[0,0,0],"112":[0,0],"113":[0,0],"114":[0,0],"115":[0,0],"116":[0,0],"117":[0,0],"118":[0,0],"119":[0,0],"120":[0,0],"121":[0,0],"122":[0,0],"123":[0,0],"124":[0,0],"125":[0,0],"126":[0,0],"127":[0,0],"128":[0,0],"129":[0,0],"130":[0,0],"131":[0,0],"132":[0,0],"133":[0,0],"134":[0,0],"135":[0,0],"136":[0,0],"137":[0,0,0],"138":[0,0],"139":[0,0],"140":[0,0],"141":[0,0],"142":[0,0],"143":[0,0],"144":[0,0],"145":[0,0],"146":[0,0],"147":[0,0],"148":[0,0],"149":[0,0],"150":[0,0],"151":[0,0],"152":[0,0],"153":[0,0],"154":[0,0],"155":[0,0],"156":[0,0],"157":[0,0],"158":[0,0],"159":[0,0],"160":[0,0],"161":[0,0],"162":[0,0],"163":[0,0],"164":[0,0],"165":[0,0],"166":[0,0],"167":[0,0],"168":[0,0,0],"169":[0,0],"170":[0,0],"171":[0,0],"172":[0,0],"173":[0,0],"174":[0,0],"175":[0,0],"176":[0,0],"177":[0,0],"178":[0,0],"179":[0,0],"180":[0,0],"181":[0,0],"182":[0,0],"183":[0,0],"184":[0,0],"185":[0,0],"186":[0,0],"187":[0,0],"188":[0,0],"189":[0,0],"190":[0,0],"191":[0,0],"192":[0,0],"193":[0,0],"194":[0,0],"195":[0,0],"196":[0,0],"197":[0,0],"198":[0,0],"199":[0,0],"200":[0,0],"201":[0,0],"202":[0,1],"203":[9,0],"204":[0,9],"205":[0,9],"206":[9,0],"207":[0,0],"208":[0,0],"209":[1,0],"210":[1,1],"211":[0,3],"212":[3,0],"213":[3,0],"214":[0,0],"215":[1,0],"216":[0,1],"217":[0,0],"218":[0,0],"219":[0,0],"220":[0,0],"221":[0,0],"222":[0,0],"223":[0,0],"224":[0,0],"225":[0,0],"226":[0,0],"227":[0,0],"228":[0,0],"229":[0,0],"230":[0,0],"231":[1,1],"232":[1,0],"233":[0,0],"234":[0,0],"235":[0,0],"236":[0,0],"237":[0,0]},"f":{"1":3,"2":3,"3":0,"4":0,"5":0,"6":0,"7":0,"8":0,"9":0,"10":0,"11":0,"12":0,"13":0,"14":0,"15":0,"16":0,"17":0,"18":0,"19":0,"20":0,"21":0,"22":0,"23":0,"24":0,"25":0,"26":0,"27":0,"28":0,"29":0,"30":0,"31":0,"32":0,"33":0,"34":0,"35":0,"36":0,"37":0,"38":0,"39":0,"40":0,"41":0,"42":0,"43":0,"44":0,"45":0,"46":0,"47":0,"48":0,"49":0,"50":0,"51":0,"52":0,"53":0,"54":0,"55":0,"56":0,"57":0,"58":0,"59":0,"60":0,"61":0,"62":0,"63":0,"64":0,"65":0,"66":0,"67":0,"68":0,"69":0,"70":0,"71":0,"72":0,"73":0,"74":0,"75":0,"76":0,"77":1,"78":0,"79":1,"80":0,"81":1,"82":3,"83":0,"84":0,"85":0,"86":0,"87":1,"88":1,"89":0,"90":0},"fnMap":{"1":{"name":"hasOwnProperty","line":44,"loc":{"start":{"line":44,"column":0},"end":{"line":44,"column":35}}},"2":{"name":"(anonymous_2)","line":48,"loc":{"start":{"line":48,"column":22},"end":{"line":49,"column":0}}},"3":{"name":"(anonymous_3)","line":57,"loc":{"start":{"line":57,"column":45},"end":{"line":58,"column":0}}},"4":{"name":"(anonymous_4)","line":63,"loc":{"start":{"line":63,"column":48},"end":{"line":64,"column":0}}},"5":{"name":"(anonymous_5)","line":70,"loc":{"start":{"line":70,"column":13},"end":{"line":71,"column":0}}},"6":{"name":"(anonymous_6)","line":79,"loc":{"start":{"line":79,"column":15},"end":{"line":80,"column":0}}},"7":{"name":"(anonymous_7)","line":89,"loc":{"start":{"line":89,"column":13},"end":{"line":90,"column":0}}},"8":{"name":"(anonymous_8)","line":113,"loc":{"start":{"line":113,"column":12},"end":{"line":113,"column":31}}},"9":{"name":"(anonymous_9)","line":116,"loc":{"start":{"line":116,"column":20},"end":{"line":116,"column":34}}},"10":{"name":"(anonymous_10)","line":120,"loc":{"start":{"line":120,"column":20},"end":{"line":120,"column":34}}},"11":{"name":"(anonymous_11)","line":124,"loc":{"start":{"line":124,"column":22},"end":{"line":125,"column":0}}},"12":{"name":"(anonymous_12)","line":129,"loc":{"start":{"line":129,"column":24},"end":{"line":130,"column":0}}},"13":{"name":"(anonymous_13)","line":134,"loc":{"start":{"line":134,"column":11},"end":{"line":135,"column":0}}},"14":{"name":"(anonymous_14)","line":150,"loc":{"start":{"line":150,"column":25},"end":{"line":151,"column":0}}},"15":{"name":"(anonymous_15)","line":152,"loc":{"start":{"line":152,"column":13},"end":{"line":152,"column":24}}},"16":{"name":"(anonymous_16)","line":159,"loc":{"start":{"line":159,"column":25},"end":{"line":160,"column":0}}},"17":{"name":"(anonymous_17)","line":171,"loc":{"start":{"line":171,"column":27},"end":{"line":172,"column":0}}},"18":{"name":"(anonymous_18)","line":177,"loc":{"start":{"line":177,"column":35},"end":{"line":178,"column":0}}},"19":{"name":"(anonymous_19)","line":183,"loc":{"start":{"line":183,"column":35},"end":{"line":184,"column":0}}},"20":{"name":"(anonymous_20)","line":193,"loc":{"start":{"line":193,"column":16},"end":{"line":194,"column":0}}},"21":{"name":"(anonymous_21)","line":218,"loc":{"start":{"line":218,"column":11},"end":{"line":218,"column":58}}},"22":{"name":"(anonymous_22)","line":225,"loc":{"start":{"line":225,"column":23},"end":{"line":225,"column":56}}},"23":{"name":"(anonymous_23)","line":234,"loc":{"start":{"line":234,"column":12},"end":{"line":234,"column":58}}},"24":{"name":"(anonymous_24)","line":241,"loc":{"start":{"line":241,"column":24},"end":{"line":241,"column":57}}},"25":{"name":"(anonymous_25)","line":250,"loc":{"start":{"line":250,"column":22},"end":{"line":251,"column":0}}},"26":{"name":"(anonymous_26)","line":272,"loc":{"start":{"line":272,"column":27},"end":{"line":273,"column":0}}},"27":{"name":"(anonymous_27)","line":294,"loc":{"start":{"line":294,"column":17},"end":{"line":295,"column":0}}},"28":{"name":"(anonymous_28)","line":338,"loc":{"start":{"line":338,"column":20},"end":{"line":339,"column":0}}},"29":{"name":"(anonymous_29)","line":355,"loc":{"start":{"line":355,"column":20},"end":{"line":356,"column":0}}},"30":{"name":"(anonymous_30)","line":373,"loc":{"start":{"line":373,"column":17},"end":{"line":374,"column":0}}},"31":{"name":"(anonymous_31)","line":412,"loc":{"start":{"line":412,"column":21},"end":{"line":413,"column":0}}},"32":{"name":"(anonymous_32)","line":426,"loc":{"start":{"line":426,"column":18},"end":{"line":427,"column":0}}},"33":{"name":"(anonymous_33)","line":437,"loc":{"start":{"line":437,"column":21},"end":{"line":438,"column":2}}},"34":{"name":"(anonymous_34)","line":447,"loc":{"start":{"line":447,"column":31},"end":{"line":448,"column":6}}},"35":{"name":"(anonymous_35)","line":476,"loc":{"start":{"line":476,"column":19},"end":{"line":477,"column":0}}},"36":{"name":"(anonymous_36)","line":489,"loc":{"start":{"line":489,"column":27},"end":{"line":490,"column":4}}},"37":{"name":"(anonymous_37)","line":508,"loc":{"start":{"line":508,"column":23},"end":{"line":509,"column":0}}},"38":{"name":"(anonymous_38)","line":526,"loc":{"start":{"line":526,"column":28},"end":{"line":527,"column":4}}},"39":{"name":"(anonymous_39)","line":542,"loc":{"start":{"line":542,"column":29},"end":{"line":542,"column":48}}},"40":{"name":"(anonymous_40)","line":555,"loc":{"start":{"line":555,"column":18},"end":{"line":556,"column":0}}},"41":{"name":"(anonymous_41)","line":569,"loc":{"start":{"line":569,"column":26},"end":{"line":570,"column":2}}},"42":{"name":"(anonymous_42)","line":574,"loc":{"start":{"line":574,"column":31},"end":{"line":575,"column":6}}},"43":{"name":"(anonymous_43)","line":577,"loc":{"start":{"line":577,"column":47},"end":{"line":577,"column":66}}},"44":{"name":"(anonymous_44)","line":605,"loc":{"start":{"line":605,"column":38},"end":{"line":606,"column":0}}},"45":{"name":"(anonymous_45)","line":616,"loc":{"start":{"line":616,"column":19},"end":{"line":617,"column":0}}},"46":{"name":"(anonymous_46)","line":633,"loc":{"start":{"line":633,"column":35},"end":{"line":634,"column":2}}},"47":{"name":"(anonymous_47)","line":720,"loc":{"start":{"line":720,"column":56},"end":{"line":721,"column":8}}},"48":{"name":"(anonymous_48)","line":732,"loc":{"start":{"line":732,"column":44},"end":{"line":733,"column":0}}},"49":{"name":"(anonymous_49)","line":778,"loc":{"start":{"line":778,"column":22},"end":{"line":779,"column":0}}},"50":{"name":"(anonymous_50)","line":780,"loc":{"start":{"line":780,"column":38},"end":{"line":781,"column":2}}},"51":{"name":"chooseProvider","line":793,"loc":{"start":{"line":793,"column":5},"end":{"line":794,"column":4}}},"52":{"name":"(anonymous_52)","line":804,"loc":{"start":{"line":804,"column":22},"end":{"line":805,"column":10}}},"53":{"name":"(anonymous_53)","line":836,"loc":{"start":{"line":836,"column":42},"end":{"line":837,"column":8}}},"54":{"name":"(anonymous_54)","line":854,"loc":{"start":{"line":854,"column":29},"end":{"line":855,"column":0}}},"55":{"name":"(anonymous_55)","line":930,"loc":{"start":{"line":930,"column":25},"end":{"line":931,"column":0}}},"56":{"name":"(anonymous_56)","line":941,"loc":{"start":{"line":941,"column":32},"end":{"line":941,"column":48}}},"57":{"name":"(anonymous_57)","line":945,"loc":{"start":{"line":945,"column":31},"end":{"line":945,"column":42}}},"58":{"name":"(anonymous_58)","line":971,"loc":{"start":{"line":971,"column":23},"end":{"line":971,"column":66}}},"59":{"name":"(anonymous_59)","line":1003,"loc":{"start":{"line":1003,"column":27},"end":{"line":1003,"column":85}}},"60":{"name":"(anonymous_60)","line":1018,"loc":{"start":{"line":1018,"column":70},"end":{"line":1019,"column":2}}},"61":{"name":"(anonymous_61)","line":1024,"loc":{"start":{"line":1024,"column":25},"end":{"line":1025,"column":0}}},"62":{"name":"(anonymous_62)","line":1042,"loc":{"start":{"line":1042,"column":46},"end":{"line":1043,"column":0}}},"63":{"name":"(anonymous_63)","line":1053,"loc":{"start":{"line":1053,"column":18},"end":{"line":1053,"column":36}}},"64":{"name":"(anonymous_64)","line":1091,"loc":{"start":{"line":1091,"column":23},"end":{"line":1091,"column":35}}},"65":{"name":"(anonymous_65)","line":1099,"loc":{"start":{"line":1099,"column":35},"end":{"line":1100,"column":0}}},"66":{"name":"(anonymous_66)","line":1125,"loc":{"start":{"line":1125,"column":54},"end":{"line":1126,"column":2}}},"67":{"name":"(anonymous_67)","line":1140,"loc":{"start":{"line":1140,"column":47},"end":{"line":1141,"column":4}}},"68":{"name":"(anonymous_68)","line":1156,"loc":{"start":{"line":1156,"column":39},"end":{"line":1157,"column":0}}},"69":{"name":"(anonymous_69)","line":1186,"loc":{"start":{"line":1186,"column":56},"end":{"line":1187,"column":4}}},"70":{"name":"(anonymous_70)","line":1212,"loc":{"start":{"line":1212,"column":22},"end":{"line":1213,"column":0}}},"71":{"name":"(anonymous_71)","line":1230,"loc":{"start":{"line":1230,"column":38},"end":{"line":1231,"column":0}}},"72":{"name":"(anonymous_72)","line":1236,"loc":{"start":{"line":1236,"column":56},"end":{"line":1237,"column":2}}},"73":{"name":"(anonymous_73)","line":1279,"loc":{"start":{"line":1279,"column":35},"end":{"line":1280,"column":0}}},"74":{"name":"(anonymous_74)","line":1293,"loc":{"start":{"line":1293,"column":126},"end":{"line":1294,"column":2}}},"75":{"name":"(anonymous_75)","line":1316,"loc":{"start":{"line":1316,"column":37},"end":{"line":1316,"column":65}}},"76":{"name":"(anonymous_76)","line":1334,"loc":{"start":{"line":1334,"column":25},"end":{"line":1335,"column":0}}},"77":{"name":"SimpleRegistration","line":1348,"loc":{"start":{"line":1348,"column":28},"end":{"line":1349,"column":0}}},"78":{"name":"(anonymous_78)","line":1380,"loc":{"start":{"line":1380,"column":49},"end":{"line":1381,"column":0}}},"79":{"name":"UserInterface","line":1397,"loc":{"start":{"line":1397,"column":23},"end":{"line":1398,"column":0}}},"80":{"name":"(anonymous_80)","line":1411,"loc":{"start":{"line":1411,"column":44},"end":{"line":1412,"column":0}}},"81":{"name":"AttributeExchange","line":1436,"loc":{"start":{"line":1436,"column":27},"end":{"line":1437,"column":0}}},"82":{"name":"(anonymous_82)","line":1455,"loc":{"start":{"line":1455,"column":26},"end":{"line":1456,"column":2}}},"83":{"name":"(anonymous_83)","line":1461,"loc":{"start":{"line":1461,"column":26},"end":{"line":1462,"column":2}}},"84":{"name":"(anonymous_84)","line":1477,"loc":{"start":{"line":1477,"column":48},"end":{"line":1478,"column":0}}},"85":{"name":"(anonymous_85)","line":1539,"loc":{"start":{"line":1539,"column":21},"end":{"line":1540,"column":0}}},"86":{"name":"(anonymous_86)","line":1547,"loc":{"start":{"line":1547,"column":42},"end":{"line":1548,"column":0}}},"87":{"name":"PAPE","line":1585,"loc":{"start":{"line":1585,"column":14},"end":{"line":1586,"column":0}}},"88":{"name":"(anonymous_88)","line":1602,"loc":{"start":{"line":1602,"column":25},"end":{"line":1602,"column":47}}},"89":{"name":"(anonymous_89)","line":1612,"loc":{"start":{"line":1612,"column":26},"end":{"line":1612,"column":48}}},"90":{"name":"(anonymous_90)","line":1624,"loc":{"start":{"line":1624,"column":35},"end":{"line":1625,"column":0}}}},"statementMap":{"1":{"start":{"line":29,"column":0},"end":{"line":34,"column":33}},"2":{"start":{"line":36,"column":0},"end":{"line":36,"column":23}},"3":{"start":{"line":37,"column":0},"end":{"line":37,"column":22}},"4":{"start":{"line":38,"column":0},"end":{"line":38,"column":17}},"5":{"start":{"line":40,"column":0},"end":{"line":40,"column":31}},"6":{"start":{"line":42,"column":0},"end":{"line":42,"column":21}},"7":{"start":{"line":44,"column":0},"end":{"line":46,"column":1}},"8":{"start":{"line":45,"column":2},"end":{"line":45,"column":57}},"9":{"start":{"line":48,"column":0},"end":{"line":55,"column":1}},"10":{"start":{"line":50,"column":2},"end":{"line":50,"column":29}},"11":{"start":{"line":51,"column":2},"end":{"line":51,"column":29}},"12":{"start":{"line":52,"column":2},"end":{"line":52,"column":29}},"13":{"start":{"line":53,"column":2},"end":{"line":53,"column":23}},"14":{"start":{"line":54,"column":2},"end":{"line":54,"column":31}},"15":{"start":{"line":57,"column":0},"end":{"line":61,"column":1}},"16":{"start":{"line":59,"column":2},"end":{"line":60,"column":73}},"17":{"start":{"line":63,"column":0},"end":{"line":66,"column":1}},"18":{"start":{"line":65,"column":2},"end":{"line":65,"column":111}},"19":{"start":{"line":70,"column":0},"end":{"line":77,"column":1}},"20":{"start":{"line":72,"column":2},"end":{"line":75,"column":3}},"21":{"start":{"line":74,"column":4},"end":{"line":74,"column":38}},"22":{"start":{"line":76,"column":2},"end":{"line":76,"column":11}},"23":{"start":{"line":79,"column":0},"end":{"line":87,"column":1}},"24":{"start":{"line":81,"column":2},"end":{"line":84,"column":3}},"25":{"start":{"line":83,"column":4},"end":{"line":83,"column":23}},"26":{"start":{"line":86,"column":2},"end":{"line":86,"column":11}},"27":{"start":{"line":89,"column":0},"end":{"line":93,"column":1}},"28":{"start":{"line":91,"column":2},"end":{"line":91,"column":16}},"29":{"start":{"line":92,"column":2},"end":{"line":92,"column":25}},"30":{"start":{"line":96,"column":0},"end":{"line":96,"column":19}},"31":{"start":{"line":97,"column":0},"end":{"line":108,"column":1}},"32":{"start":{"line":102,"column":2},"end":{"line":107,"column":3}},"33":{"start":{"line":103,"column":4},"end":{"line":103,"column":36}},"34":{"start":{"line":104,"column":4},"end":{"line":104,"column":26}},"35":{"start":{"line":109,"column":0},"end":{"line":114,"column":1}},"36":{"start":{"line":113,"column":2},"end":{"line":113,"column":64}},"37":{"start":{"line":113,"column":33},"end":{"line":113,"column":61}},"38":{"start":{"line":116,"column":0},"end":{"line":118,"column":2}},"39":{"start":{"line":117,"column":2},"end":{"line":117,"column":51}},"40":{"start":{"line":120,"column":0},"end":{"line":122,"column":2}},"41":{"start":{"line":121,"column":2},"end":{"line":121,"column":51}},"42":{"start":{"line":124,"column":0},"end":{"line":127,"column":1}},"43":{"start":{"line":126,"column":2},"end":{"line":126,"column":39}},"44":{"start":{"line":129,"column":0},"end":{"line":132,"column":1}},"45":{"start":{"line":131,"column":2},"end":{"line":131,"column":38}},"46":{"start":{"line":134,"column":0},"end":{"line":148,"column":1}},"47":{"start":{"line":136,"column":2},"end":{"line":139,"column":3}},"48":{"start":{"line":138,"column":4},"end":{"line":138,"column":49}},"49":{"start":{"line":141,"column":2},"end":{"line":141,"column":13}},"50":{"start":{"line":142,"column":2},"end":{"line":145,"column":3}},"51":{"start":{"line":144,"column":4},"end":{"line":144,"column":64}},"52":{"start":{"line":147,"column":2},"end":{"line":147,"column":11}},"53":{"start":{"line":150,"column":0},"end":{"line":157,"column":1}},"54":{"start":{"line":152,"column":2},"end":{"line":154,"column":36}},"55":{"start":{"line":153,"column":4},"end":{"line":153,"column":37}},"56":{"start":{"line":155,"column":2},"end":{"line":155,"column":76}},"57":{"start":{"line":156,"column":2},"end":{"line":156,"column":17}},"58":{"start":{"line":159,"column":0},"end":{"line":169,"column":1}},"59":{"start":{"line":161,"column":2},"end":{"line":168,"column":3}},"60":{"start":{"line":163,"column":4},"end":{"line":163,"column":42}},"61":{"start":{"line":167,"column":4},"end":{"line":167,"column":25}},"62":{"start":{"line":171,"column":0},"end":{"line":175,"column":1}},"63":{"start":{"line":173,"column":2},"end":{"line":173,"column":31}},"64":{"start":{"line":174,"column":2},"end":{"line":174,"column":14}},"65":{"start":{"line":177,"column":0},"end":{"line":181,"column":1}},"66":{"start":{"line":179,"column":2},"end":{"line":179,"column":31}},"67":{"start":{"line":180,"column":2},"end":{"line":180,"column":24}},"68":{"start":{"line":183,"column":0},"end":{"line":191,"column":1}},"69":{"start":{"line":185,"column":2},"end":{"line":188,"column":3}},"70":{"start":{"line":187,"column":4},"end":{"line":187,"column":32}},"71":{"start":{"line":190,"column":2},"end":{"line":190,"column":43}},"72":{"start":{"line":193,"column":0},"end":{"line":216,"column":1}},"73":{"start":{"line":195,"column":2},"end":{"line":195,"column":35}},"74":{"start":{"line":196,"column":2},"end":{"line":196,"column":26}},"75":{"start":{"line":197,"column":2},"end":{"line":213,"column":3}},"76":{"start":{"line":199,"column":4},"end":{"line":212,"column":5}},"77":{"start":{"line":201,"column":6},"end":{"line":201,"column":28}},"78":{"start":{"line":205,"column":6},"end":{"line":211,"column":7}},"79":{"start":{"line":207,"column":8},"end":{"line":210,"column":9}},"80":{"start":{"line":209,"column":10},"end":{"line":209,"column":42}},"81":{"start":{"line":215,"column":2},"end":{"line":215,"column":28}},"82":{"start":{"line":218,"column":0},"end":{"line":232,"column":2}},"83":{"start":{"line":219,"column":2},"end":{"line":224,"column":4}},"84":{"start":{"line":225,"column":2},"end":{"line":231,"column":5}},"85":{"start":{"line":226,"column":4},"end":{"line":230,"column":5}},"86":{"start":{"line":227,"column":6},"end":{"line":227,"column":22}},"87":{"start":{"line":229,"column":6},"end":{"line":229,"column":60}},"88":{"start":{"line":234,"column":0},"end":{"line":248,"column":2}},"89":{"start":{"line":235,"column":2},"end":{"line":240,"column":4}},"90":{"start":{"line":241,"column":2},"end":{"line":247,"column":5}},"91":{"start":{"line":242,"column":4},"end":{"line":246,"column":5}},"92":{"start":{"line":243,"column":6},"end":{"line":243,"column":22}},"93":{"start":{"line":245,"column":6},"end":{"line":245,"column":60}},"94":{"start":{"line":250,"column":0},"end":{"line":270,"column":1}},"95":{"start":{"line":252,"column":2},"end":{"line":252,"column":31}},"96":{"start":{"line":253,"column":2},"end":{"line":253,"column":18}},"97":{"start":{"line":254,"column":2},"end":{"line":267,"column":3}},"98":{"start":{"line":255,"column":4},"end":{"line":255,"column":24}},"99":{"start":{"line":256,"column":4},"end":{"line":258,"column":5}},"100":{"start":{"line":257,"column":6},"end":{"line":257,"column":48}},"101":{"start":{"line":259,"column":4},"end":{"line":259,"column":34}},"102":{"start":{"line":260,"column":4},"end":{"line":263,"column":5}},"103":{"start":{"line":262,"column":6},"end":{"line":262,"column":15}},"104":{"start":{"line":264,"column":4},"end":{"line":264,"column":48}},"105":{"start":{"line":265,"column":4},"end":{"line":265,"column":51}},"106":{"start":{"line":266,"column":4},"end":{"line":266,"column":24}},"107":{"start":{"line":269,"column":2},"end":{"line":269,"column":16}},"108":{"start":{"line":272,"column":0},"end":{"line":292,"column":1}},"109":{"start":{"line":274,"column":2},"end":{"line":274,"column":52}},"110":{"start":{"line":275,"column":2},"end":{"line":276,"column":16}},"111":{"start":{"line":276,"column":4},"end":{"line":276,"column":16}},"112":{"start":{"line":277,"column":2},"end":{"line":280,"column":3}},"113":{"start":{"line":279,"column":4},"end":{"line":279,"column":41}},"114":{"start":{"line":282,"column":2},"end":{"line":285,"column":3}},"115":{"start":{"line":284,"column":4},"end":{"line":284,"column":22}},"116":{"start":{"line":287,"column":2},"end":{"line":290,"column":3}},"117":{"start":{"line":289,"column":4},"end":{"line":289,"column":22}},"118":{"start":{"line":291,"column":2},"end":{"line":291,"column":32}},"119":{"start":{"line":294,"column":0},"end":{"line":336,"column":1}},"120":{"start":{"line":296,"column":2},"end":{"line":296,"column":38}},"121":{"start":{"line":297,"column":2},"end":{"line":300,"column":3}},"122":{"start":{"line":299,"column":4},"end":{"line":299,"column":16}},"123":{"start":{"line":302,"column":2},"end":{"line":302,"column":21}},"124":{"start":{"line":303,"column":2},"end":{"line":333,"column":3}},"125":{"start":{"line":305,"column":4},"end":{"line":305,"column":30}},"126":{"start":{"line":306,"column":4},"end":{"line":306,"column":22}},"127":{"start":{"line":308,"column":4},"end":{"line":308,"column":36}},"128":{"start":{"line":309,"column":4},"end":{"line":312,"column":5}},"129":{"start":{"line":311,"column":6},"end":{"line":311,"column":46}},"130":{"start":{"line":313,"column":4},"end":{"line":331,"column":5}},"131":{"start":{"line":315,"column":6},"end":{"line":315,"column":60}},"132":{"start":{"line":316,"column":6},"end":{"line":316,"column":44}},"133":{"start":{"line":318,"column":9},"end":{"line":331,"column":5}},"134":{"start":{"line":320,"column":6},"end":{"line":320,"column":60}},"135":{"start":{"line":322,"column":9},"end":{"line":331,"column":5}},"136":{"start":{"line":325,"column":6},"end":{"line":325,"column":38}},"137":{"start":{"line":326,"column":6},"end":{"line":326,"column":50}},"138":{"start":{"line":330,"column":6},"end":{"line":330,"column":15}},"139":{"start":{"line":332,"column":4},"end":{"line":332,"column":29}},"140":{"start":{"line":335,"column":2},"end":{"line":335,"column":19}},"141":{"start":{"line":338,"column":0},"end":{"line":353,"column":1}},"142":{"start":{"line":340,"column":2},"end":{"line":340,"column":87}},"143":{"start":{"line":341,"column":2},"end":{"line":344,"column":3}},"144":{"start":{"line":343,"column":4},"end":{"line":343,"column":16}},"145":{"start":{"line":346,"column":2},"end":{"line":346,"column":67}},"146":{"start":{"line":347,"column":2},"end":{"line":350,"column":3}},"147":{"start":{"line":349,"column":4},"end":{"line":349,"column":16}},"148":{"start":{"line":352,"column":2},"end":{"line":352,"column":27}},"149":{"start":{"line":355,"column":0},"end":{"line":371,"column":1}},"150":{"start":{"line":357,"column":2},"end":{"line":357,"column":117}},"151":{"start":{"line":359,"column":2},"end":{"line":362,"column":3}},"152":{"start":{"line":361,"column":4},"end":{"line":361,"column":16}},"153":{"start":{"line":364,"column":2},"end":{"line":364,"column":65}},"154":{"start":{"line":366,"column":2},"end":{"line":369,"column":3}},"155":{"start":{"line":368,"column":4},"end":{"line":368,"column":16}},"156":{"start":{"line":370,"column":2},"end":{"line":370,"column":17}},"157":{"start":{"line":373,"column":0},"end":{
[...]
},"23":{"start":{"line":68,"column":8},"end":{"line":68,"column":26}},"24":{"start":{"line":69,"column":8},"end":{"line":69,"column":28}},"25":{"start":{"line":73,"column":4},"end":{"line":73,"column":67}},"26":{"start":{"line":74,"column":4},"end":{"line":77,"column":5}},"27":{"start":{"line":76,"column":6},"end":{"line":76,"column":15}},"28":{"start":{"line":79,"column":4},"end":{"line":83,"column":5}},"29":{"start":{"line":81,"column":6},"end":{"line":81,"column":24}},"30":{"start":{"line":82,"column":6},"end":{"line":82,"column":28}},"31":{"start":{"line":85,"column":4},"end":{"line":85,"column":75}},"32":{"start":{"line":86,"column":4},"end":{"line":89,"column":5}},"33":{"start":{"line":88,"column":6},"end":{"line":88,"column":38}},"34":{"start":{"line":91,"column":4},"end":{"line":91,"column":40}},"35":{"start":{"line":94,"column":2},"end":{"line":99,"column":5}},"36":{"start":{"line":96,"column":4},"end":{"line":98,"column":43}},"37":{"start":{"line":101,"column":2},"end":{"line":101,"column":18}}},"branchMap":{"1":{"line":35,"type":"if","locations":[{"start":{"line":35,"column":2},"end":{"line":35,"column":2}},{"start":{"line":35,"column":2},"end":{"line":35,"column":2}}]},"2":{"line":46,"type":"if","locations":[{"start":{"line":46,"column":4},"end":{"line":46,"column":4}},{"start":{"line":46,"column":4},"end":{"line":46,"column":4}}]},"3":{"line":58,"type":"if","locations":[{"start":{"line":58,"column":4},"end":{"line":58,"column":4}},{"start":{"line":58,"column":4},"end":{"line":58,"column":4}}]},"4":{"line":64,"type":"if","locations":[{"start":{"line":64,"column":4},"end":{"line":64,"column":4}},{"start":{"line":64,"column":4},"end":{"line":64,"column":4}}]},"5":{"line":74,"type":"if","locations":[{"start":{"line":74,"column":4},"end":{"line":74,"column":4}},{"start":{"line":74,"column":4},"end":{"line":74,"column":4}}]},"6":{"line":86,"type":"if","locations":[{"start":{"line":86,"column":4},"end":{"line":86,"column":4}},{"start":{"line":86,"column":4},"end":{"line":86,"column":4}}]},"7":{"line":96,"type":"cond-expr","locations":[{"start":{"line":97,"column":8},"end":{"line":97,"column":10}},{"start":{"line":98,"column":9},"end":{"line":98,"column":41}}]},"8":{"line":98,"type":"cond-expr","locations":[{"start":{"line":98,"column":36},"end":{"line":98,"column":37}},{"start":{"line":98,"column":40},"end":{"line":98,"column":41}}]}},"code":["/* A simple XRDS and Yadis parser written for OpenID for node.js"," *"," * http://ox.no/software/node-openid"," * http://github.com/havard/node-openid"," *"," * Copyright (C) 2010 by Håvard Stranden"," *"," * Permission is hereby granted, free of charge, to any person obtaining a copy"," * of this software and associated documentation files (the \"Software\"), to deal"," * in the Software without restriction, including without limitation the rights"," * to use, copy, modify, merge, publish, distribute, sublicense, and/or sell"," * copies of the Software, and to permit persons to whom the Software is"," * furnished to do so, subject to the following conditions:"," *"," * The above copyright notice and this permission notice shall be included in"," * all copies or substantial portions of the Software."," *"," * THE SOFTWARE IS PROVIDED \"AS IS\", WITHOUT WARRANTY OF ANY KIND, EXPRESS OR"," * IMPLIED, INCLUDING BUT NOT LIMITED TO THE WARRANTIES OF MERCHANTABILITY,"," * FITNESS FOR A PARTICULAR PURPOSE AND NONINFRINGEMENT. IN NO EVENT SHALL THE"," * AUTHORS OR COPYRIGHT HOLDERS BE LIABLE FOR ANY CLAIM, DAMAGES OR OTHER"," * LIABILITY, WHETHER IN AN ACTION OF CONTRACT, TORT OR OTHERWISE, ARISING FROM,"," * OUT OF OR IN CONNECTION WITH THE SOFTWARE OR THE USE OR OTHER DEALINGS IN"," *  "," * -*- Mode: JS; tab-width: 2; indent-tabs-mode: nil; c-basic-offset: 2 -*- "," * vim: set sw=2 ts=2 et tw=80 : "," */","","exports.parse  = function(data)","{","  data = data.replace(/\\r|\\n/g, '');","  var services = [];","  var serviceMatches = data.match(/<Service\\s*(priority=\"\\d+\")?.*?>(.*?)<\\/Service>/g);","","  if(!serviceMatches)","  {","    return services;","  }","","  for(var s = 0, len = serviceMatches.length; s < len; ++s)","  {","    var service = serviceMatches[s];","    var svcs = [];","    var priorityMatch = /<Service.*?priority=\"(.*?)\".*?>/g.exec(service);","    var priority = 0;","    if(priorityMatch)","    {","      priority = parseInt(priorityMatch[1], 10);","    }","","    var typeMatch = null;","    var typeRegex = new RegExp('<Type(\\\\s+.*?)?>(.*?)<\\\\/Type\\\\s*?>', 'g');","    while(typeMatch = typeRegex.exec(service))","    {","      svcs.push({ priority: priority, type: typeMatch[2] });","    }","","    if(svcs.length == 0)","    {","      continue;","    }","","    var idMatch = /<(Local|Canonical)ID\\s*?>(.*?)<\\/\\1ID\\s*?>/g.exec(service);","    if(idMatch)","    {","      for(var i = 0; i < svcs.length; i++)","      {","        var svc = svcs[i];","        svc.id = idMatch[2];","      }","    }","    ","    var uriMatch = /<URI(\\s+.*?)?>(.*?)<\\/URI\\s*?>/g.exec(service);","    if(!uriMatch)","    {","      continue;","    }","","    for(var i = 0; i < svcs.length; i++)","    {","      var svc = svcs[i];","      svc.uri = uriMatch[2];","    }","","    var delegateMatch = /<(.*?Delegate)\\s*?>(.*)<\\/\\1\\s*?>/g.exec(service);","    if(delegateMatch)","    {","      svc.delegate = delegateMatch[2];","    }","","    services.push.apply(services, svcs);","  }","","  services.sort(function(a, b) ","  { ","    return a.priority < b.priority ","      ? -1 ","      : (a.priority == b.priority ? 0 : 1);","  });","","  return services;","}",""],"l":{"29":1,"31":0,"32":0,"33":0,"35":0,"37":0,"40":0,"42":0,"43":0,"44":0,"45":0,"46":0,"48":0,"51":0,"52":0,"53":0,"55":0,"58":0,"60":0,"63":0,"64":0,"66":0,"68":0,"69":0,"73":0,"74":0,"76":0,"79":0,"81":0,"82":0,"85":0,"86":0,"88":0,"91":0,"94":0,"96":0,"101":0}},"/home/travis/build/npmtest/node-npmtest-openid/node_modules/openid/sample.js":{"path":"/home/travis/build/npmtest/node-npmtest-openid/node_modules/openid/sample.js","s":{"1":1,"2":1,"3":1,"4":1,"5":1,"6":1,"7":0,"8":0,"9":0,"10":0,"11":0,"12":0,"13":0,"14":0,"15":0,"16":0,"17":0,"18":0,"19":0,"20":0,"21":0,"22":0,"23":0,"24":0,"25":0,"26":0,"27":0,"28":1},"b":{"1":[0,0],"2":[0,0],"3":[0,0],"4":[0,0],"5":[0,0],"6":[0,0]},"f":{"1":0,"2":0,"3":0},"fnMap":{"1":{"name":"(anonymous_1)","line":64,"loc":{"start":{"line":64,"column":4},"end":{"line":65,"column":4}}},"2":{"name":"(anonymous_2)","line":74,"loc":{"start":{"line":74,"column":55},"end":{"line":75,"column":10}}},"3":{"name":"(anonymous_3)","line":97,"loc":{"start":{"line":97,"column":44},"end":{"line":98,"column":10}}}},"statementMap":{"1":{"start":{"line":26,"column":0},"end":{"line":26,"column":33}},"2":{"start":{"line":27,"column":0},"end":{"line":27,"column":25}},"3":{"start":{"line":28,"column":0},"end":{"line":28,"column":41}},"4":{"start":{"line":30,"column":0},"end":{"line":53,"column":26}},"5":{"start":{"line":55,"column":0},"end":{"line":60,"column":16}},"6":{"start":{"line":63,"column":0},"end":{"line":128,"column":7}},"7":{"start":{"line":66,"column":8},"end":{"line":66,"column":43}},"8":{"start":{"line":67,"column":8},"end":{"line":127,"column":9}},"9":{"start":{"line":70,"column":10},"end":{"line":70,"column":57}},"10":{"start":{"line":71,"column":10},"end":{"line":71,"column":51}},"11":{"start":{"line":74,"column":10},"end":{"line":91,"column":13}},"12":{"start":{"line":76,"column":12},"end":{"line":90,"column":13}},"13":{"start":{"line":78,"column":14},"end":{"line":78,"column":83}},"14":{"start":{"line":79,"column":14},"end":{"line":79,"column":65}},"15":{"start":{"line":81,"column":17},"end":{"line":90,"column":13}},"16":{"start":{"line":83,"column":14},"end":{"line":83,"column":83}},"17":{"start":{"line":84,"column":14},"end":{"line":84,"column":47}},"18":{"start":{"line":88,"column":14},"end":{"line":88,"column":56}},"19":{"start":{"line":89,"column":14},"end":{"line":89,"column":24}},"20":{"start":{"line":93,"column":13},"end":{"line":127,"column":9}},"21":{"start":{"line":97,"column":10},"end":{"line":115,"column":13}},"22":{"start":{"line":99,"column":12},"end":{"line":99,"column":81}},"23":{"start":{"line":101,"column":12},"end":{"line":114,"column":13}},"24":{"start":{"line":103,"column":14},"end":{"line":103,"column":65}},"25":{"start":{"line":112,"column":14},"end":{"line":113,"column":49}},"26":{"start":{"line":120,"column":12},"end":{"line":120,"column":80}},"27":{"start":{"line":121,"column":12},"end":{"line":126,"column":43}},"28":{"start":{"line":129,"column":0},"end":{"line":129,"column":20}}},"branchMap":{"1":{"line":67,"type":"if","locations":[{"start":{"line":67,"column":8},"end":{"line":67,"column":8}},{"start":{"line":67,"column":8},"end":{"line":67,"column":8}}]},"2":{"line":76,"type":"if","locations":[{"start":{"line":76,"column":12},"end":{"line":76,"column":12}},{"start":{"line":76,"column":12},"end":{"line":76,"column":12}}]},"3":{"line":81,"type":"if","locations":[{"start":{"line":81,"column":17},"end":{"line":81,"column":17}},{"start":{"line":81,"column":17},"end":{"line":81,"column":17}}]},"4":{"line":93,"type":"if","locations":[{"start":{"line":93,"column":13},"end":{"line":93,"column":13}},{"start":{"line":93,"column":13},"end":{"line":93,"column":13}}]},"5":{"line":101,"type":"if","locations":[{"start":{"line":101,"column":12},"end":{"line":101,"column":12}},{"start":{"line":101,"column":12},"end":{"line":101,"column":12}}]},"6":{"line":112,"type":"cond-expr","locations":[{"start":{"line":112,"column":46},"end":{"line":112,"column":58}},{"start":{"line":112,"column":61},"end":{"line":112,"column":73}}]}},"code":["/* A simple sample demonstrating OpenID for node.js"," *"," * http://ox.no/software/node-openid"," * http://github.com/havard/node-openid"," *"," * Copyright (C) 2010 by Håvard Stranden"," *"," * Permission is hereby granted, free of charge, to any person obtaining a copy"," * of this software and associated documentation files (the \"Software\"), to deal"," * in the Software without restriction, including without limitation the rights"," * to use, copy, modify, merge, publish, distribute, sublicense, and/or sell"," * copies of the Software, and to permit persons to whom the Software is"," * furnished to do so, subject to the following conditions:"," *"," * The above copyright notice and this permission notice shall be included in"," * all copies or substantial portions of the Software."," *"," * THE SOFTWARE IS PROVIDED \"AS IS\", WITHOUT WARRANTY OF ANY KIND, EXPRESS OR"," * IMPLIED, INCLUDING BUT NOT LIMITED TO THE WARRANTIES OF MERCHANTABILITY,"," * FITNESS FOR A PARTICULAR PURPOSE AND NONINFRINGEMENT. IN NO EVENT SHALL THE"," * AUTHORS OR COPYRIGHT HOLDERS BE LIABLE FOR ANY CLAIM, DAMAGES OR OTHER"," * LIABILITY, WHETHER IN AN ACTION OF CONTRACT, TORT OR OTHERWISE, ARISING FROM,"," * OUT OF OR IN CONNECTION WITH THE SOFTWARE OR THE USE OR OTHER DEALINGS IN"," */","","var openid = require('./openid');","var url = require('url');","var querystring = require('querystring');","","var extensions = [new openid.UserInterface(), ","                  new openid.SimpleRegistration(","                      {","                        \"nickname\" : true, ","                        \"email\" : true, ","                        \"fullname\" : true,","                        \"dob\" : true, ","                        \"gender\" : true, ","                        \"postcode\" : true,","                        \"country\" : true, ","                        \"language\" : true, ","                        \"timezone\" : true","                      }),","                  new openid.AttributeExchange(","                      {","                        \"http://axschema.org/contact/email\": \"required\",","                        \"http://axschema.org/namePerson/friendly\": \"required\",","                        \"http://axschema.org/namePerson\": \"required\"","                      }),","                  new openid.PAPE(","                      {","                        \"max_auth_age\": 24 * 60 * 60, // one day","                        \"preferred_auth_policies\" : \"none\" //no auth method preferred.","                      })];","","var relyingParty = new openid.RelyingParty(","    'http://localhost:8080/verify', // Verification URL (yours)","    null, // Realm (optional, specifies realm for OpenID authentication)","    true, // Use stateless verification","    false, // Strict mode","    extensions); // List of extensions to enable and include","","","var server = require('http').createServer(","    function(req, res)","    {","        var parsedUrl = url.parse(req.url);","        if(parsedUrl.pathname == '/authenticate')","        { ","          // User supplied identifier","          var query = querystring.parse(parsedUrl.query);","          var identifier = query.openid_identifier;","","          // Resolve identifier, associate, and build authentication URL","          relyingParty.authenticate(identifier, false, function(error, authUrl)","          {","            if(error)","            {","              res.writeHead(200, { 'Content-Type' : 'text/plain; charset=utf-8' });","              res.end('Authentication failed: ' + error.message);","            }","            else if (!authUrl)","            {","              res.writeHead(200, { 'Content-Type' : 'text/plain; charset=utf-8' });","              res.end('Authentication failed');","            }","            else","            {","              res.writeHead(302, { Location: authUrl });","              res.end();","            }","          });","        }","        else if(parsedUrl.pathname == '/verify')","        {","          // Verify identity assertion","          // NOTE: Passing just the URL is also possible","          relyingParty.verifyAssertion(req, function(error, result)","          {","            res.writeHead(200, { 'Content-Type' : 'text/plain; charset=utf-8' });","","            if(error)","            {","              res.end('Authentication failed: ' + error.message);","            }","            else","            {","              // Result contains properties:","              // - authenticated (true/false)","              // - answers from any extensions (e.g. ","              //   \"http://axschema.org/contact/email\" if requested ","              //   and present at provider)","              res.end((result.authenticated ? 'Success :)' : 'Failure :(') +","                '\\n\\n' + JSON.stringify(result));","            }","          });","        }","        else","        {","            // Deliver an OpenID form on all other URLs","            res.writeHead(200, { 'Content-Type' : 'text/html; charset=utf-8' });","            res.end('<!DOCTYPE html><html><body>'","                + '<form method=\"get\" action=\"/authenticate\">'","                + '<p>Login using OpenID</p>'","                + '<input name=\"openid_identifier\" />'","                + '<input type=\"submit\" value=\"Login\" />'","                + '</form></body></html>');","        }","    });","server.listen(8080);",""],"l":{"26":1,"27":1,"28":1,"30":1,"55":1,"63":1,"66":0,"67":0,"70":0,"71":0,"74":0,"76":0,"78":0,"79":0,"81":0,"83":0,"84":0,"88":0,"89":0,"93":0,"97":0,"99":0,"101":0,"103":0,"112":0,"120":0,"121":0,"129":1}},"/home/travis/build/npmtest/node-npmtest-openid/node_modules/openid/expressjs_sample/authentication_controller.js":{"path":"/home/travis/build/npmtest/node-npmtest-openid/node_modules/openid/expressjs_sample/authentication_controller.js","s":{"1":2,"2":2,"3":2,"4":0,"5":0,"6":0,"7":0,"8":0,"9":0,"10":0,"11":0,"12":0,"13":0,"14":0,"15":0,"16":0,"17":0,"18":0,"19":0},"b":{"1":[0,0],"2":[0,0],"3":[0,0],"4":[0,0]},"f":{"1":0,"2":0,"3":0,"4":0,"5":0},"fnMap":{"1":{"name":"(anonymous_1)","line":10,"loc":{"start":{"line":10,"column":18},"end":{"line":10,"column":46}}},"2":{"name":"(anonymous_2)","line":14,"loc":{"start":{"line":14,"column":31},"end":{"line":14,"column":59}}},"3":{"name":"(anonymous_3)","line":18,"loc":{"start":{"line":18,"column":46},"end":{"line":18,"column":72}}},"4":{"name":"(anonymous_4)","line":34,"loc":{"start":{"line":34,"column":25},"end":{"line":34,"column":53}}},"5":{"name":"(anonymous_5)","line":37,"loc":{"start":{"line":37,"column":39},"end":{"line":37,"column":63}}}},"statementMap":{"1":{"start":{"line":1,"column":0},"end":{"line":1,"column":31}},"2":{"start":{"line":3,"column":0},"end":{"line":8,"column":8}},"3":{"start":{"line":10,"column":0},"end":{"line":12,"column":3}},"4":{"start":{"line":11,"column":1},"end":{"line":11,"column":26}},"5":{"start":{"line":14,"column":0},"end":{"line":32,"column":3}},"6":{"start":{"line":15,"column":1},"end":{"line":15,"column":50}},"7":{"start":{"line":18,"column":1},"end":{"line":31,"column":4}},"8":{"start":{"line":19,"column":2},"end":{"line":30,"column":3}},"9":{"start":{"line":20,"column":3},"end":{"line":20,"column":27}},"10":{"start":{"line":21,"column":3},"end":{"line":21,"column":59}},"11":{"start":{"line":23,"column":7},"end":{"line":30,"column":3}},"12":{"start":{"line":24,"column":3},"end":{"line":24,"column":27}},"13":{"start":{"line":25,"column":3},"end":{"line":25,"column":41}},"14":{"start":{"line":28,"column":3},"end":{"line":28,"column":50}},"15":{"start":{"line":29,"column":3},"end":{"line":29,"column":18}},"16":{"start":{"line":34,"column":0},"end":{"line":43,"column":3}},"17":{"start":{"line":37,"column":1},"end":{"line":42,"column":4}},"18":{"start":{"line":38,"column":2},"end":{"line":38,"column":26}},"19":{"start":{"line":39,"column":2},"end":{"line":41,"column":19}}},"branchMap":{"1":{"line":19,"type":"if","locations":[{"start":{"line":19,"column":2},"end":{"line":19,"column":2}},{"start":{"line":19,"column":2},"end":{"line":19,"column":2}}]},"2":{"line":23,"type":"if","locations":[{"start":{"line":23,"column":7},"end":{"line":23,"column":7}},{"start":{"line":23,"column":7},"end":{"line":23,"column":7}}]},"3":{"line":39,"type":"cond-expr","locations":[{"start":{"line":40,"column":5},"end":{"line":40,"column":17}},{"start":{"line":41,"column":5},"end":{"line":41,"column":17}}]},"4":{"line":39,"type":"binary-expr","locations":[{"start":{"line":39,"column":15},"end":{"line":39,"column":21}},{"start":{"line":39,"column":25},"end":{"line":39,"column":45}}]}},"code":["var openid = require('openid');","","var relyingParty = new openid.RelyingParty(","    'http://localhost:8888/login/verify', // Verification URL (yours)","    null, // Realm (optional, specifies realm for OpenID authentication)","    false, // Use stateless verification","    false, // Strict mode","    []); // List of extensions to enable and include","","app.get('/login', function(request, response) {","\tresponse.render('login');","});","","app.get('/login/authenticate', function(request, response) {","\tvar identifier = request.query.openid_identifier;","","\t// Resolve identifier, associate, and build authentication URL","\trelyingParty.authenticate(identifier, false, function(error, authUrl) \t{","\t\tif (error) {","\t\t\tresponse.writeHead(200);","\t\t\tresponse.end('Authentication failed: ' + error.message);","\t\t}","\t\telse if (!authUrl) {","\t\t\tresponse.writeHead(200);","\t\t\tresponse.end('Authentication failed');","\t\t}","\t\telse {","\t\t\tresponse.writeHead(302, { Location: authUrl });","\t\t\tresponse.end();","\t\t}","\t});","});","","app.get('/login/verify', function(request, response) {","\t// Verify identity assertion","\t// NOTE: Passing just the URL is also possible","\trelyingParty.verifyAssertion(request, function(error, result) {","\t\tresponse.writeHead(200);","\t\tresponse.end(!error && result.authenticated ","\t\t\t? 'Success :)' // TODO: redirect to something interesting!","\t\t\t: 'Failure :('); // TODO: show some error message!","\t});","});"],"l":{"1":2,"3":2,"10":2,"11":0,"14":0,"15":0,"18":0,"19":0,"20":0,"21":0,"23":0,"24":0,"25":0,"28":0,"29":0,"34":0,"37":0,"38":0,"39":0}}}